  stdafx.cpp
c:\users\administrator\desktop\team_diesirae mercstoria_horseracecomplete\teamdiesirae_geometrydash_ground4 (1)\teamdiesirae_geometrydash\effectmgr.h(12): warning C4244: '=': 'int'에서 'float'(으)로 변환하면서 데이터가 손실될 수 있습니다.
c:\users\administrator\desktop\team_diesirae mercstoria_horseracecomplete\teamdiesirae_geometrydash_ground4 (1)\teamdiesirae_geometrydash\effectmgr.h(13): warning C4244: '=': 'int'에서 'float'(으)로 변환하면서 데이터가 손실될 수 있습니다.
c:\users\administrator\desktop\team_diesirae mercstoria_horseracecomplete\teamdiesirae_geometrydash_ground4 (1)\teamdiesirae_geometrydash\effectmgr.h(21): warning C4244: 'return': 'float'에서 'int'(으)로 변환하면서 데이터가 손실될 수 있습니다.
c:\users\administrator\desktop\team_diesirae mercstoria_horseracecomplete\teamdiesirae_geometrydash_ground4 (1)\teamdiesirae_geometrydash\effectmgr.h(22): warning C4244: 'return': 'float'에서 'int'(으)로 변환하면서 데이터가 손실될 수 있습니다.
c:\users\administrator\desktop\team_diesirae mercstoria_horseracecomplete\teamdiesirae_geometrydash_ground4 (1)\teamdiesirae_geometrydash\effectmgr.h(24): warning C4244: 'return': 'float'에서 'int'(으)로 변환하면서 데이터가 손실될 수 있습니다.
c:\users\administrator\desktop\team_diesirae mercstoria_horseracecomplete\teamdiesirae_geometrydash_ground4 (1)\teamdiesirae_geometrydash\effectmgr.h(25): warning C4244: 'return': 'float'에서 'int'(으)로 변환하면서 데이터가 손실될 수 있습니다.
  Attack_Effect.cpp
c:\users\administrator\desktop\team_diesirae mercstoria_horseracecomplete\teamdiesirae_geometrydash_ground4 (1)\teamdiesirae_geometrydash\attack_effect.cpp(46): error C2664: 'void COAttack_Effect::SetFrame(TCHAR *)': 인수 1을(를) 'const wchar_t [22]'에서 'TCHAR *'(으)로 변환할 수 없습니다.
  c:\users\administrator\desktop\team_diesirae mercstoria_horseracecomplete\teamdiesirae_geometrydash_ground4 (1)\teamdiesirae_geometrydash\attack_effect.cpp(46): note: 문자열 리터럴로부터의 변환은 const 한정자가 손실됩니다(/Zc:strictStrings 참조).
c:\users\administrator\desktop\team_diesirae mercstoria_horseracecomplete\teamdiesirae_geometrydash_ground4 (1)\teamdiesirae_geometrydash\attack_effect.cpp(49): error C2664: 'void COAttack_Effect::SetFrame(TCHAR *)': 인수 1을(를) 'const wchar_t [18]'에서 'TCHAR *'(으)로 변환할 수 없습니다.
  c:\users\administrator\desktop\team_diesirae mercstoria_horseracecomplete\teamdiesirae_geometrydash_ground4 (1)\teamdiesirae_geometrydash\attack_effect.cpp(49): note: 문자열 리터럴로부터의 변환은 const 한정자가 손실됩니다(/Zc:strictStrings 참조).
c:\users\administrator\desktop\team_diesirae mercstoria_horseracecomplete\teamdiesirae_geometrydash_ground4 (1)\teamdiesirae_geometrydash\attack_effect.cpp(54): warning C4244: '인수': 'LONG'에서 'float'(으)로 변환하면서 데이터가 손실될 수 있습니다.
  BG_Bitmap.cpp
  BmpMgr.cpp
  COAttackRect.cpp
  ColigionMgr.cpp
c:\users\administrator\desktop\team_diesirae mercstoria_horseracecomplete\teamdiesirae_geometrydash_ground4 (1)\teamdiesirae_geometrydash\coligionmgr.cpp(36): warning C4244: '=': 'ULONGLONG'에서 'DWORD'(으)로 변환하면서 데이터가 손실될 수 있습니다.
c:\users\administrator\desktop\team_diesirae mercstoria_horseracecomplete\teamdiesirae_geometrydash_ground4 (1)\teamdiesirae_geometrydash\coligionmgr.cpp(49): warning C4244: '=': 'ULONGLONG'에서 'DWORD'(으)로 변환하면서 데이터가 손실될 수 있습니다.
c:\users\administrator\desktop\team_diesirae mercstoria_horseracecomplete\teamdiesirae_geometrydash_ground4 (1)\teamdiesirae_geometrydash\coligionmgr.cpp(93): warning C4244: '초기화 중': 'double'에서 'float'(으)로 변환하면서 데이터가 손실될 수 있습니다.
c:\users\administrator\desktop\team_diesirae mercstoria_horseracecomplete\teamdiesirae_geometrydash_ground4 (1)\teamdiesirae_geometrydash\coligionmgr.cpp(94): warning C4244: '초기화 중': 'double'에서 'float'(으)로 변환하면서 데이터가 손실될 수 있습니다.
c:\users\administrator\desktop\team_diesirae mercstoria_horseracecomplete\teamdiesirae_geometrydash_ground4 (1)\teamdiesirae_geometrydash\coligionmgr.cpp(99): warning C4244: '초기화 중': 'double'에서 'float'(으)로 변환하면서 데이터가 손실될 수 있습니다.
c:\users\administrator\desktop\team_diesirae mercstoria_horseracecomplete\teamdiesirae_geometrydash_ground4 (1)\teamdiesirae_geometrydash\coligionmgr.cpp(100): warning C4244: '초기화 중': 'double'에서 'float'(으)로 변환하면서 데이터가 손실될 수 있습니다.
  Effect.cpp
  EffectMgr.cpp
  KeyMgr.cpp
  Main.cpp
  OAlphaEffect.cpp
  OAlponso.cpp
c:\users\administrator\desktop\team_diesirae mercstoria_horseracecomplete\teamdiesirae_geometrydash_ground4 (1)\teamdiesirae_geometrydash\oalponso.cpp(40): error C2440: '=': 'const wchar_t [19]'에서 'TCHAR *'(으)로 변환할 수 없습니다.
  c:\users\administrator\desktop\team_diesirae mercstoria_horseracecomplete\teamdiesirae_geometrydash_ground4 (1)\teamdiesirae_geometrydash\oalponso.cpp(40): note: 문자열 리터럴로부터의 변환은 const 한정자가 손실됩니다(/Zc:strictStrings 참조).
c:\users\administrator\desktop\team_diesirae mercstoria_horseracecomplete\teamdiesirae_geometrydash_ground4 (1)\teamdiesirae_geometrydash\oalponso.cpp(45): warning C4244: '=': 'ULONGLONG'에서 'DWORD'(으)로 변환하면서 데이터가 손실될 수 있습니다.
c:\users\administrator\desktop\team_diesirae mercstoria_horseracecomplete\teamdiesirae_geometrydash_ground4 (1)\teamdiesirae_geometrydash\oalponso.cpp(52): warning C4244: '=': 'int'에서 'float'(으)로 변환하면서 데이터가 손실될 수 있습니다.
c:\users\administrator\desktop\team_diesirae mercstoria_horseracecomplete\teamdiesirae_geometrydash_ground4 (1)\teamdiesirae_geometrydash\oalponso.cpp(53): warning C4244: '=': 'int'에서 'float'(으)로 변환하면서 데이터가 손실될 수 있습니다.
c:\users\administrator\desktop\team_diesirae mercstoria_horseracecomplete\teamdiesirae_geometrydash_ground4 (1)\teamdiesirae_geometrydash\oalponso.cpp(97): warning C4553: '==': 식의 결과가 사용되지 않습니다. '='을(를) 의도했습니까?
c:\users\administrator\desktop\team_diesirae mercstoria_horseracecomplete\teamdiesirae_geometrydash_ground4 (1)\teamdiesirae_geometrydash\oalponso.cpp(278): warning C4244: '인수': 'float'에서 'int'(으)로 변환하면서 데이터가 손실될 수 있습니다.
c:\users\administrator\desktop\team_diesirae mercstoria_horseracecomplete\teamdiesirae_geometrydash_ground4 (1)\teamdiesirae_geometrydash\oalponso.cpp(277): warning C4244: '인수': 'float'에서 'int'(으)로 변환하면서 데이터가 손실될 수 있습니다.
c:\users\administrator\desktop\team_diesirae mercstoria_horseracecomplete\teamdiesirae_geometrydash_ground4 (1)\teamdiesirae_geometrydash\oalponso.cpp(302): warning C4244: '=': 'ULONGLONG'에서 'DWORD'(으)로 변환하면서 데이터가 손실될 수 있습니다.
c:\users\administrator\desktop\team_diesirae mercstoria_horseracecomplete\teamdiesirae_geometrydash_ground4 (1)\teamdiesirae_geometrydash\oalponso.cpp(304): error C2440: '=': 'const wchar_t [19]'에서 'TCHAR *'(으)로 변환할 수 없습니다.
  c:\users\administrator\desktop\team_diesirae mercstoria_horseracecomplete\teamdiesirae_geometrydash_ground4 (1)\teamdiesirae_geometrydash\oalponso.cpp(304): note: 문자열 리터럴로부터의 변환은 const 한정자가 손실됩니다(/Zc:strictStrings 참조).
c:\users\administrator\desktop\team_diesirae mercstoria_horseracecomplete\teamdiesirae_geometrydash_ground4 (1)\teamdiesirae_geometrydash\oalponso.cpp(312): warning C4244: '=': 'ULONGLONG'에서 'DWORD'(으)로 변환하면서 데이터가 손실될 수 있습니다.
c:\users\administrator\desktop\team_diesirae mercstoria_horseracecomplete\teamdiesirae_geometrydash_ground4 (1)\teamdiesirae_geometrydash\oalponso.cpp(314): error C2440: '=': 'const wchar_t [19]'에서 'TCHAR *'(으)로 변환할 수 없습니다.
  c:\users\administrator\desktop\team_diesirae mercstoria_horseracecomplete\teamdiesirae_geometrydash_ground4 (1)\teamdiesirae_geometrydash\oalponso.cpp(314): note: 문자열 리터럴로부터의 변환은 const 한정자가 손실됩니다(/Zc:strictStrings 참조).
c:\users\administrator\desktop\team_diesirae mercstoria_horseracecomplete\teamdiesirae_geometrydash_ground4 (1)\teamdiesirae_geometrydash\oalponso.cpp(322): warning C4244: '=': 'ULONGLONG'에서 'DWORD'(으)로 변환하면서 데이터가 손실될 수 있습니다.
c:\users\administrator\desktop\team_diesirae mercstoria_horseracecomplete\teamdiesirae_geometrydash_ground4 (1)\teamdiesirae_geometrydash\oalponso.cpp(324): error C2440: '=': 'const wchar_t [15]'에서 'TCHAR *'(으)로 변환할 수 없습니다.
  c:\users\administrator\desktop\team_diesirae mercstoria_horseracecomplete\teamdiesirae_geometrydash_ground4 (1)\teamdiesirae_geometrydash\oalponso.cpp(324): note: 문자열 리터럴로부터의 변환은 const 한정자가 손실됩니다(/Zc:strictStrings 참조).
c:\users\administrator\desktop\team_diesirae mercstoria_horseracecomplete\teamdiesirae_geometrydash_ground4 (1)\teamdiesirae_geometrydash\oalponso.cpp(332): warning C4244: '=': 'ULONGLONG'에서 'DWORD'(으)로 변환하면서 데이터가 손실될 수 있습니다.
c:\users\administrator\desktop\team_diesirae mercstoria_horseracecomplete\teamdiesirae_geometrydash_ground4 (1)\teamdiesirae_geometrydash\oalponso.cpp(334): error C2440: '=': 'const wchar_t [15]'에서 'TCHAR *'(으)로 변환할 수 없습니다.
  c:\users\administrator\desktop\team_diesirae mercstoria_horseracecomplete\teamdiesirae_geometrydash_ground4 (1)\teamdiesirae_geometrydash\oalponso.cpp(334): note: 문자열 리터럴로부터의 변환은 const 한정자가 손실됩니다(/Zc:strictStrings 참조).
c:\users\administrator\desktop\team_diesirae mercstoria_horseracecomplete\teamdiesirae_geometrydash_ground4 (1)\teamdiesirae_geometrydash\oalponso.cpp(342): warning C4244: '=': 'ULONGLONG'에서 'DWORD'(으)로 변환하면서 데이터가 손실될 수 있습니다.
c:\users\administrator\desktop\team_diesirae mercstoria_horseracecomplete\teamdiesirae_geometrydash_ground4 (1)\teamdiesirae_geometrydash\oalponso.cpp(344): error C2440: '=': 'const wchar_t [15]'에서 'TCHAR *'(으)로 변환할 수 없습니다.
  c:\users\administrator\desktop\team_diesirae mercstoria_horseracecomplete\teamdiesirae_geometrydash_ground4 (1)\teamdiesirae_geometrydash\oalponso.cpp(344): note: 문자열 리터럴로부터의 변환은 const 한정자가 손실됩니다(/Zc:strictStrings 참조).
c:\users\administrator\desktop\team_diesirae mercstoria_horseracecomplete\teamdiesirae_geometrydash_ground4 (1)\teamdiesirae_geometrydash\oalponso.cpp(353): warning C4244: '=': 'int'에서 'float'(으)로 변환하면서 데이터가 손실될 수 있습니다.
  OAlponso_Illust.cpp
c:\users\administrator\desktop\team_diesirae mercstoria_horseracecomplete\teamdiesirae_geometrydash_ground4 (1)\teamdiesirae_geometrydash\oalponso_illust.cpp(23): warning C4244: '=': 'int'에서 'float'(으)로 변환하면서 데이터가 손실될 수 있습니다.
c:\users\administrator\desktop\team_diesirae mercstoria_horseracecomplete\teamdiesirae_geometrydash_ground4 (1)\teamdiesirae_geometrydash\oalponso_illust.cpp(24): warning C4244: '=': 'int'에서 'float'(으)로 변환하면서 데이터가 손실될 수 있습니다.
c:\users\administrator\desktop\team_diesirae mercstoria_horseracecomplete\teamdiesirae_geometrydash_ground4 (1)\teamdiesirae_geometrydash\oalponso_illust.cpp(59): warning C4244: '인수': 'float'에서 'int'(으)로 변환하면서 데이터가 손실될 수 있습니다.
c:\users\administrator\desktop\team_diesirae mercstoria_horseracecomplete\teamdiesirae_geometrydash_ground4 (1)\teamdiesirae_geometrydash\oalponso_illust.cpp(72): warning C4244: '인수': 'float'에서 'int'(으)로 변환하면서 데이터가 손실될 수 있습니다.
c:\users\administrator\desktop\team_diesirae mercstoria_horseracecomplete\teamdiesirae_geometrydash_ground4 (1)\teamdiesirae_geometrydash\oalponso_illust.cpp(71): warning C4244: '인수': 'float'에서 'int'(으)로 변환하면서 데이터가 손실될 수 있습니다.
c:\users\administrator\desktop\team_diesirae mercstoria_horseracecomplete\teamdiesirae_geometrydash_ground4 (1)\teamdiesirae_geometrydash\oalponso_illust.cpp(78): warning C4244: '인수': 'float'에서 'int'(으)로 변환하면서 데이터가 손실될 수 있습니다.
c:\users\administrator\desktop\team_diesirae mercstoria_horseracecomplete\teamdiesirae_geometrydash_ground4 (1)\teamdiesirae_geometrydash\oalponso_illust.cpp(77): warning C4244: '인수': 'double'에서 'int'(으)로 변환하면서 데이터가 손실될 수 있습니다.
  OAttack_Effect.cpp
c:\users\administrator\desktop\team_diesirae mercstoria_horseracecomplete\teamdiesirae_geometrydash_ground4 (1)\teamdiesirae_geometrydash\oattack_effect.cpp(7): warning C4244: '=': 'ULONGLONG'에서 'DWORD'(으)로 변환하면서 데이터가 손실될 수 있습니다.
c:\users\administrator\desktop\team_diesirae mercstoria_horseracecomplete\teamdiesirae_geometrydash_ground4 (1)\teamdiesirae_geometrydash\oattack_effect.cpp(30): warning C4244: '=': 'ULONGLONG'에서 'DWORD'(으)로 변환하면서 데이터가 손실될 수 있습니다.
c:\users\administrator\desktop\team_diesirae mercstoria_horseracecomplete\teamdiesirae_geometrydash_ground4 (1)\teamdiesirae_geometrydash\oattack_effect.cpp(42): warning C4244: '=': 'ULONGLONG'에서 'DWORD'(으)로 변환하면서 데이터가 손실될 수 있습니다.
c:\users\administrator\desktop\team_diesirae mercstoria_horseracecomplete\teamdiesirae_geometrydash_ground4 (1)\teamdiesirae_geometrydash\oattack_effect.cpp(57): warning C4244: '=': 'ULONGLONG'에서 'DWORD'(으)로 변환하면서 데이터가 손실될 수 있습니다.
c:\users\administrator\desktop\team_diesirae mercstoria_horseracecomplete\teamdiesirae_geometrydash_ground4 (1)\teamdiesirae_geometrydash\oattack_effect.cpp(99): warning C4244: '인수': 'float'에서 'int'(으)로 변환하면서 데이터가 손실될 수 있습니다.
c:\users\administrator\desktop\team_diesirae mercstoria_horseracecomplete\teamdiesirae_geometrydash_ground4 (1)\teamdiesirae_geometrydash\oattack_effect.cpp(98): warning C4244: '인수': 'float'에서 'int'(으)로 변환하면서 데이터가 손실될 수 있습니다.
c:\users\administrator\desktop\team_diesirae mercstoria_horseracecomplete\teamdiesirae_geometrydash_ground4 (1)\teamdiesirae_geometrydash\oattack_effect.cpp(97): warning C4244: '인수': 'float'에서 'int'(으)로 변환하면서 데이터가 손실될 수 있습니다.
  OAttentionMark.cpp
c:\users\administrator\desktop\team_diesirae mercstoria_horseracecomplete\teamdiesirae_geometrydash_ground4 (1)\teamdiesirae_geometrydash\oattentionmark.cpp(19): warning C4244: '=': 'int'에서 'float'(으)로 변환하면서 데이터가 손실될 수 있습니다.
c:\users\administrator\desktop\team_diesirae mercstoria_horseracecomplete\teamdiesirae_geometrydash_ground4 (1)\teamdiesirae_geometrydash\oattentionmark.cpp(20): warning C4244: '=': 'int'에서 'float'(으)로 변환하면서 데이터가 손실될 수 있습니다.
c:\users\administrator\desktop\team_diesirae mercstoria_horseracecomplete\teamdiesirae_geometrydash_ground4 (1)\teamdiesirae_geometrydash\oattentionmark.cpp(76): warning C4244: '인수': 'float'에서 'int'(으)로 변환하면서 데이터가 손실될 수 있습니다.
c:\users\administrator\desktop\team_diesirae mercstoria_horseracecomplete\teamdiesirae_geometrydash_ground4 (1)\teamdiesirae_geometrydash\oattentionmark.cpp(80): warning C4244: '인수': 'float'에서 'int'(으)로 변환하면서 데이터가 손실될 수 있습니다.
  OBeroia.cpp
c:\users\administrator\desktop\team_diesirae mercstoria_horseracecomplete\teamdiesirae_geometrydash_ground4 (1)\teamdiesirae_geometrydash\abstractfactory.h(29): warning C4244: '인수': 'int'에서 'float'(으)로 변환하면서 데이터가 손실될 수 있습니다.
  c:\users\administrator\desktop\team_diesirae mercstoria_horseracecomplete\teamdiesirae_geometrydash_ground4 (1)\teamdiesirae_geometrydash\abstractfactory.h(26): note: 클래스 템플릿 멤버 함수 'CObj *AbstractFactory<COLeo>::CreateObj(int,int,bool)'을(를) 컴파일하고 있습니다.
  c:\users\administrator\desktop\team_diesirae mercstoria_horseracecomplete\teamdiesirae_geometrydash_ground4 (1)\teamdiesirae_geometrydash\oberoia.cpp(33): note: 컴파일 중인 함수 템플릿 인스턴스화 'CObj *AbstractFactory<COLeo>::CreateObj(int,int,bool)'에 대한 참조를 확인하십시오.
  c:\users\administrator\desktop\team_diesirae mercstoria_horseracecomplete\teamdiesirae_geometrydash_ground4 (1)\teamdiesirae_geometrydash\oberoia.cpp(33): note: 컴파일 중인 클래스 템플릿 인스턴스화 'AbstractFactory<COLeo>'에 대한 참조를 확인하세요.
  Obj.cpp
c:\users\administrator\desktop\team_diesirae mercstoria_horseracecomplete\teamdiesirae_geometrydash_ground4 (1)\teamdiesirae_geometrydash\obj.cpp(67): warning C4244: '=': 'int'에서 'float'(으)로 변환하면서 데이터가 손실될 수 있습니다.
c:\users\administrator\desktop\team_diesirae mercstoria_horseracecomplete\teamdiesirae_geometrydash_ground4 (1)\teamdiesirae_geometrydash\obj.cpp(68): warning C4244: '=': 'int'에서 'float'(으)로 변환하면서 데이터가 손실될 수 있습니다.
c:\users\administrator\desktop\team_diesirae mercstoria_horseracecomplete\teamdiesirae_geometrydash_ground4 (1)\teamdiesirae_geometrydash\obj.cpp(97): warning C4244: '=': 'LONG'에서 'float'(으)로 변환하면서 데이터가 손실될 수 있습니다.
c:\users\administrator\desktop\team_diesirae mercstoria_horseracecomplete\teamdiesirae_geometrydash_ground4 (1)\teamdiesirae_geometrydash\obj.cpp(98): warning C4244: '=': 'LONG'에서 'float'(으)로 변환하면서 데이터가 손실될 수 있습니다.
c:\users\administrator\desktop\team_diesirae mercstoria_horseracecomplete\teamdiesirae_geometrydash_ground4 (1)\teamdiesirae_geometrydash\obj.cpp(106): warning C4244: '=': 'ULONGLONG'에서 'DWORD'(으)로 변환하면서 데이터가 손실될 수 있습니다.
c:\users\administrator\desktop\team_diesirae mercstoria_horseracecomplete\teamdiesirae_geometrydash_ground4 (1)\teamdiesirae_geometrydash\obj.cpp(120): warning C4244: '=': 'ULONGLONG'에서 'DWORD'(으)로 변환하면서 데이터가 손실될 수 있습니다.
  ObjMgr.cpp
  OCookie.cpp
c:\users\administrator\desktop\team_diesirae mercstoria_horseracecomplete\teamdiesirae_geometrydash_ground4 (1)\teamdiesirae_geometrydash\ocookie.cpp(22): error C2440: '=': 'const wchar_t [18]'에서 'TCHAR *'(으)로 변환할 수 없습니다.
  c:\users\administrator\desktop\team_diesirae mercstoria_horseracecomplete\teamdiesirae_geometrydash_ground4 (1)\teamdiesirae_geometrydash\ocookie.cpp(22): note: 문자열 리터럴로부터의 변환은 const 한정자가 손실됩니다(/Zc:strictStrings 참조).
c:\users\administrator\desktop\team_diesirae mercstoria_horseracecomplete\teamdiesirae_geometrydash_ground4 (1)\teamdiesirae_geometrydash\ocookie.cpp(27): warning C4244: '=': 'ULONGLONG'에서 'DWORD'(으)로 변환하면서 데이터가 손실될 수 있습니다.
c:\users\administrator\desktop\team_diesirae mercstoria_horseracecomplete\teamdiesirae_geometrydash_ground4 (1)\teamdiesirae_geometrydash\ocookie.cpp(30): warning C4244: '=': 'int'에서 'float'(으)로 변환하면서 데이터가 손실될 수 있습니다.
c:\users\administrator\desktop\team_diesirae mercstoria_horseracecomplete\teamdiesirae_geometrydash_ground4 (1)\teamdiesirae_geometrydash\ocookie.cpp(31): warning C4244: '=': 'int'에서 'float'(으)로 변환하면서 데이터가 손실될 수 있습니다.
c:\users\administrator\desktop\team_diesirae mercstoria_horseracecomplete\teamdiesirae_geometrydash_ground4 (1)\teamdiesirae_geometrydash\ocookie.cpp(82): warning C4244: '인수': 'float'에서 'int'(으)로 변환하면서 데이터가 손실될 수 있습니다.
c:\users\administrator\desktop\team_diesirae mercstoria_horseracecomplete\teamdiesirae_geometrydash_ground4 (1)\teamdiesirae_geometrydash\ocookie.cpp(82): warning C4244: '인수': 'double'에서 'int'(으)로 변환하면서 데이터가 손실될 수 있습니다.
  OFireCracker.cpp
c:\users\administrator\desktop\team_diesirae mercstoria_horseracecomplete\teamdiesirae_geometrydash_ground4 (1)\teamdiesirae_geometrydash\ofirecracker.cpp(18): warning C4244: '=': 'int'에서 'float'(으)로 변환하면서 데이터가 손실될 수 있습니다.
c:\users\administrator\desktop\team_diesirae mercstoria_horseracecomplete\teamdiesirae_geometrydash_ground4 (1)\teamdiesirae_geometrydash\ofirecracker.cpp(19): warning C4244: '=': 'int'에서 'float'(으)로 변환하면서 데이터가 손실될 수 있습니다.
c:\users\administrator\desktop\team_diesirae mercstoria_horseracecomplete\teamdiesirae_geometrydash_ground4 (1)\teamdiesirae_geometrydash\ofirecracker.cpp(25): warning C4244: '=': 'ULONGLONG'에서 'DWORD'(으)로 변환하면서 데이터가 손실될 수 있습니다.
c:\users\administrator\desktop\team_diesirae mercstoria_horseracecomplete\teamdiesirae_geometrydash_ground4 (1)\teamdiesirae_geometrydash\ofirecracker.cpp(52): warning C4244: '인수': 'float'에서 'int'(으)로 변환하면서 데이터가 손실될 수 있습니다.
c:\users\administrator\desktop\team_diesirae mercstoria_horseracecomplete\teamdiesirae_geometrydash_ground4 (1)\teamdiesirae_geometrydash\ofirecracker.cpp(51): warning C4244: '인수': 'float'에서 'int'(으)로 변환하면서 데이터가 손실될 수 있습니다.
  OHorseRace.cpp
c:\users\administrator\desktop\team_diesirae mercstoria_horseracecomplete\teamdiesirae_geometrydash_ground4 (1)\teamdiesirae_geometrydash\ohorserace.h(36): warning C4244: '초기화 중': 'ULONGLONG'에서 'DWORD'(으)로 변환하면서 데이터가 손실될 수 있습니다.
c:\users\administrator\desktop\team_diesirae mercstoria_horseracecomplete\teamdiesirae_geometrydash_ground4 (1)\teamdiesirae_geometrydash\ohorserace.h(37): warning C4244: '초기화 중': 'ULONGLONG'에서 'DWORD'(으)로 변환하면서 데이터가 손실될 수 있습니다.
c:\users\administrator\desktop\team_diesirae mercstoria_horseracecomplete\teamdiesirae_geometrydash_ground4 (1)\teamdiesirae_geometrydash\ohorserace.cpp(118): warning C4244: '인수': 'int'에서 'float'(으)로 변환하면서 데이터가 손실될 수 있습니다.
c:\users\administrator\desktop\team_diesirae mercstoria_horseracecomplete\teamdiesirae_geometrydash_ground4 (1)\teamdiesirae_geometrydash\ohorserace.cpp(121): warning C4244: '인수': 'int'에서 'float'(으)로 변환하면서 데이터가 손실될 수 있습니다.
c:\users\administrator\desktop\team_diesirae mercstoria_horseracecomplete\teamdiesirae_geometrydash_ground4 (1)\teamdiesirae_geometrydash\ohorserace.cpp(124): warning C4244: '인수': 'int'에서 'float'(으)로 변환하면서 데이터가 손실될 수 있습니다.
c:\users\administrator\desktop\team_diesirae mercstoria_horseracecomplete\teamdiesirae_geometrydash_ground4 (1)\teamdiesirae_geometrydash\ohorserace.cpp(128): warning C4244: '인수': 'int'에서 'float'(으)로 변환하면서 데이터가 손실될 수 있습니다.
c:\users\administrator\desktop\team_diesirae mercstoria_horseracecomplete\teamdiesirae_geometrydash_ground4 (1)\teamdiesirae_geometrydash\ohorserace.cpp(129): warning C4244: '인수': 'int'에서 'float'(으)로 변환하면서 데이터가 손실될 수 있습니다.
c:\users\administrator\desktop\team_diesirae mercstoria_horseracecomplete\teamdiesirae_geometrydash_ground4 (1)\teamdiesirae_geometrydash\ohorserace.cpp(130): warning C4244: '인수': 'int'에서 'float'(으)로 변환하면서 데이터가 손실될 수 있습니다.
c:\users\administrator\desktop\team_diesirae mercstoria_horseracecomplete\teamdiesirae_geometrydash_ground4 (1)\teamdiesirae_geometrydash\ohorserace.cpp(133): warning C4244: '=': 'ULONGLONG'에서 'DWORD'(으)로 변환하면서 데이터가 손실될 수 있습니다.
c:\users\administrator\desktop\team_diesirae mercstoria_horseracecomplete\teamdiesirae_geometrydash_ground4 (1)\teamdiesirae_geometrydash\ohorserace.cpp(190): warning C4553: '==': 식의 결과가 사용되지 않습니다. '='을(를) 의도했습니까?
c:\users\administrator\desktop\team_diesirae mercstoria_horseracecomplete\teamdiesirae_geometrydash_ground4 (1)\teamdiesirae_geometrydash\abstractfactory.h(20): warning C4244: '인수': 'int'에서 'float'(으)로 변환하면서 데이터가 손실될 수 있습니다.
  c:\users\administrator\desktop\team_diesirae mercstoria_horseracecomplete\teamdiesirae_geometrydash_ground4 (1)\teamdiesirae_geometrydash\abstractfactory.h(17): note: 클래스 템플릿 멤버 함수 'CObj *AbstractFactory<COFireCracker>::CreateObj(int,int)'을(를) 컴파일하고 있습니다.
  c:\users\administrator\desktop\team_diesirae mercstoria_horseracecomplete\teamdiesirae_geometrydash_ground4 (1)\teamdiesirae_geometrydash\ohorserace.cpp(97): note: 컴파일 중인 함수 템플릿 인스턴스화 'CObj *AbstractFactory<COFireCracker>::CreateObj(int,int)'에 대한 참조를 확인하십시오.
  c:\users\administrator\desktop\team_diesirae mercstoria_horseracecomplete\teamdiesirae_geometrydash_ground4 (1)\teamdiesirae_geometrydash\ohorserace.cpp(97): note: 컴파일 중인 클래스 템플릿 인스턴스화 'AbstractFactory<COFireCracker>'에 대한 참조를 확인하세요.
c:\users\administrator\desktop\team_diesirae mercstoria_horseracecomplete\teamdiesirae_geometrydash_ground4 (1)\teamdiesirae_geometrydash\abstractfactory.h(29): warning C4244: '인수': 'int'에서 'float'(으)로 변환하면서 데이터가 손실될 수 있습니다.
  c:\users\administrator\desktop\team_diesirae mercstoria_horseracecomplete\teamdiesirae_geometrydash_ground4 (1)\teamdiesirae_geometrydash\abstractfactory.h(26): note: 클래스 템플릿 멤버 함수 'CObj *AbstractFactory<COLeo>::CreateObj(int,int,bool)'을(를) 컴파일하고 있습니다.
  c:\users\administrator\desktop\team_diesirae mercstoria_horseracecomplete\teamdiesirae_geometrydash_ground4 (1)\teamdiesirae_geometrydash\ohorserace.cpp(32): note: 컴파일 중인 함수 템플릿 인스턴스화 'CObj *AbstractFactory<COLeo>::CreateObj(int,int,bool)'에 대한 참조를 확인하십시오.
  c:\users\administrator\desktop\team_diesirae mercstoria_horseracecomplete\teamdiesirae_geometrydash_ground4 (1)\teamdiesirae_geometrydash\ohorserace.cpp(32): note: 컴파일 중인 클래스 템플릿 인스턴스화 'AbstractFactory<COLeo>'에 대한 참조를 확인하세요.
  컴파일하고 있습니다...
  OLeo.cpp
c:\users\administrator\desktop\team_diesirae mercstoria_horseracecomplete\teamdiesirae_geometrydash_ground4 (1)\teamdiesirae_geometrydash\oleo.cpp(48): error C2440: '=': 'const wchar_t [15]'에서 'TCHAR *'(으)로 변환할 수 없습니다.
  c:\users\administrator\desktop\team_diesirae mercstoria_horseracecomplete\teamdiesirae_geometrydash_ground4 (1)\teamdiesirae_geometrydash\oleo.cpp(48): note: 문자열 리터럴로부터의 변환은 const 한정자가 손실됩니다(/Zc:strictStrings 참조).
c:\users\administrator\desktop\team_diesirae mercstoria_horseracecomplete\teamdiesirae_geometrydash_ground4 (1)\teamdiesirae_geometrydash\oleo.cpp(53): warning C4244: '=': 'ULONGLONG'에서 'DWORD'(으)로 변환하면서 데이터가 손실될 수 있습니다.
c:\users\administrator\desktop\team_diesirae mercstoria_horseracecomplete\teamdiesirae_geometrydash_ground4 (1)\teamdiesirae_geometrydash\oleo.cpp(60): warning C4244: '=': 'int'에서 'float'(으)로 변환하면서 데이터가 손실될 수 있습니다.
c:\users\administrator\desktop\team_diesirae mercstoria_horseracecomplete\teamdiesirae_geometrydash_ground4 (1)\teamdiesirae_geometrydash\oleo.cpp(61): warning C4244: '=': 'int'에서 'float'(으)로 변환하면서 데이터가 손실될 수 있습니다.
c:\users\administrator\desktop\team_diesirae mercstoria_horseracecomplete\teamdiesirae_geometrydash_ground4 (1)\teamdiesirae_geometrydash\oleo.cpp(120): warning C4553: '==': 식의 결과가 사용되지 않습니다. '='을(를) 의도했습니까?
c:\users\administrator\desktop\team_diesirae mercstoria_horseracecomplete\teamdiesirae_geometrydash_ground4 (1)\teamdiesirae_geometrydash\oleo.cpp(261): warning C4244: '=': 'float'에서 'int'(으)로 변환하면서 데이터가 손실될 수 있습니다.
c:\users\administrator\desktop\team_diesirae mercstoria_horseracecomplete\teamdiesirae_geometrydash_ground4 (1)\teamdiesirae_geometrydash\oleo.cpp(319): warning C4244: '인수': 'float'에서 'int'(으)로 변환하면서 데이터가 손실될 수 있습니다.
c:\users\administrator\desktop\team_diesirae mercstoria_horseracecomplete\teamdiesirae_geometrydash_ground4 (1)\teamdiesirae_geometrydash\oleo.cpp(318): warning C4244: '인수': 'float'에서 'int'(으)로 변환하면서 데이터가 손실될 수 있습니다.
c:\users\administrator\desktop\team_diesirae mercstoria_horseracecomplete\teamdiesirae_geometrydash_ground4 (1)\teamdiesirae_geometrydash\oleo.cpp(331): warning C4244: '인수': 'float'에서 'int'(으)로 변환하면서 데이터가 손실될 수 있습니다.
c:\users\administrator\desktop\team_diesirae mercstoria_horseracecomplete\teamdiesirae_geometrydash_ground4 (1)\teamdiesirae_geometrydash\oleo.cpp(342): warning C4244: '인수': 'float'에서 'int'(으)로 변환하면서 데이터가 손실될 수 있습니다.
c:\users\administrator\desktop\team_diesirae mercstoria_horseracecomplete\teamdiesirae_geometrydash_ground4 (1)\teamdiesirae_geometrydash\oleo.cpp(365): warning C4244: '=': 'ULONGLONG'에서 'DWORD'(으)로 변환하면서 데이터가 손실될 수 있습니다.
c:\users\administrator\desktop\team_diesirae mercstoria_horseracecomplete\teamdiesirae_geometrydash_ground4 (1)\teamdiesirae_geometrydash\oleo.cpp(367): error C2440: '=': 'const wchar_t [15]'에서 'TCHAR *'(으)로 변환할 수 없습니다.
  c:\users\administrator\desktop\team_diesirae mercstoria_horseracecomplete\teamdiesirae_geometrydash_ground4 (1)\teamdiesirae_geometrydash\oleo.cpp(367): note: 문자열 리터럴로부터의 변환은 const 한정자가 손실됩니다(/Zc:strictStrings 참조).
c:\users\administrator\desktop\team_diesirae mercstoria_horseracecomplete\teamdiesirae_geometrydash_ground4 (1)\teamdiesirae_geometrydash\oleo.cpp(377): warning C4244: '=': 'ULONGLONG'에서 'DWORD'(으)로 변환하면서 데이터가 손실될 수 있습니다.
c:\users\administrator\desktop\team_diesirae mercstoria_horseracecomplete\teamdiesirae_geometrydash_ground4 (1)\teamdiesirae_geometrydash\oleo.cpp(379): error C2440: '=': 'const wchar_t [15]'에서 'TCHAR *'(으)로 변환할 수 없습니다.
  c:\users\administrator\desktop\team_diesirae mercstoria_horseracecomplete\teamdiesirae_geometrydash_ground4 (1)\teamdiesirae_geometrydash\oleo.cpp(379): note: 문자열 리터럴로부터의 변환은 const 한정자가 손실됩니다(/Zc:strictStrings 참조).
c:\users\administrator\desktop\team_diesirae mercstoria_horseracecomplete\teamdiesirae_geometrydash_ground4 (1)\teamdiesirae_geometrydash\oleo.cpp(389): warning C4244: '=': 'ULONGLONG'에서 'DWORD'(으)로 변환하면서 데이터가 손실될 수 있습니다.
c:\users\administrator\desktop\team_diesirae mercstoria_horseracecomplete\teamdiesirae_geometrydash_ground4 (1)\teamdiesirae_geometrydash\oleo.cpp(391): error C2440: '=': 'const wchar_t [11]'에서 'TCHAR *'(으)로 변환할 수 없습니다.
  c:\users\administrator\desktop\team_diesirae mercstoria_horseracecomplete\teamdiesirae_geometrydash_ground4 (1)\teamdiesirae_geometrydash\oleo.cpp(391): note: 문자열 리터럴로부터의 변환은 const 한정자가 손실됩니다(/Zc:strictStrings 참조).
c:\users\administrator\desktop\team_diesirae mercstoria_horseracecomplete\teamdiesirae_geometrydash_ground4 (1)\teamdiesirae_geometrydash\oleo.cpp(401): warning C4244: '=': 'ULONGLONG'에서 'DWORD'(으)로 변환하면서 데이터가 손실될 수 있습니다.
c:\users\administrator\desktop\team_diesirae mercstoria_horseracecomplete\teamdiesirae_geometrydash_ground4 (1)\teamdiesirae_geometrydash\oleo.cpp(403): error C2440: '=': 'const wchar_t [11]'에서 'TCHAR *'(으)로 변환할 수 없습니다.
  c:\users\administrator\desktop\team_diesirae mercstoria_horseracecomplete\teamdiesirae_geometrydash_ground4 (1)\teamdiesirae_geometrydash\oleo.cpp(403): note: 문자열 리터럴로부터의 변환은 const 한정자가 손실됩니다(/Zc:strictStrings 참조).
c:\users\administrator\desktop\team_diesirae mercstoria_horseracecomplete\teamdiesirae_geometrydash_ground4 (1)\teamdiesirae_geometrydash\oleo.cpp(413): warning C4244: '=': 'ULONGLONG'에서 'DWORD'(으)로 변환하면서 데이터가 손실될 수 있습니다.
c:\users\administrator\desktop\team_diesirae mercstoria_horseracecomplete\teamdiesirae_geometrydash_ground4 (1)\teamdiesirae_geometrydash\oleo.cpp(415): error C2440: '=': 'const wchar_t [13]'에서 'TCHAR *'(으)로 변환할 수 없습니다.
  c:\users\administrator\desktop\team_diesirae mercstoria_horseracecomplete\teamdiesirae_geometrydash_ground4 (1)\teamdiesirae_geometrydash\oleo.cpp(415): note: 문자열 리터럴로부터의 변환은 const 한정자가 손실됩니다(/Zc:strictStrings 참조).
c:\users\administrator\desktop\team_diesirae mercstoria_horseracecomplete\teamdiesirae_geometrydash_ground4 (1)\teamdiesirae_geometrydash\oleo.cpp(425): warning C4244: '=': 'ULONGLONG'에서 'DWORD'(으)로 변환하면서 데이터가 손실될 수 있습니다.
c:\users\administrator\desktop\team_diesirae mercstoria_horseracecomplete\teamdiesirae_geometrydash_ground4 (1)\teamdiesirae_geometrydash\oleo.cpp(427): error C2440: '=': 'const wchar_t [13]'에서 'TCHAR *'(으)로 변환할 수 없습니다.
  c:\users\administrator\desktop\team_diesirae mercstoria_horseracecomplete\teamdiesirae_geometrydash_ground4 (1)\teamdiesirae_geometrydash\oleo.cpp(427): note: 문자열 리터럴로부터의 변환은 const 한정자가 손실됩니다(/Zc:strictStrings 참조).
c:\users\administrator\desktop\team_diesirae mercstoria_horseracecomplete\teamdiesirae_geometrydash_ground4 (1)\teamdiesirae_geometrydash\oleo.cpp(437): warning C4244: '=': 'ULONGLONG'에서 'DWORD'(으)로 변환하면서 데이터가 손실될 수 있습니다.
c:\users\administrator\desktop\team_diesirae mercstoria_horseracecomplete\teamdiesirae_geometrydash_ground4 (1)\teamdiesirae_geometrydash\oleo.cpp(439): error C2440: '=': 'const wchar_t [8]'에서 'TCHAR *'(으)로 변환할 수 없습니다.
  c:\users\administrator\desktop\team_diesirae mercstoria_horseracecomplete\teamdiesirae_geometrydash_ground4 (1)\teamdiesirae_geometrydash\oleo.cpp(439): note: 문자열 리터럴로부터의 변환은 const 한정자가 손실됩니다(/Zc:strictStrings 참조).
c:\users\administrator\desktop\team_diesirae mercstoria_horseracecomplete\teamdiesirae_geometrydash_ground4 (1)\teamdiesirae_geometrydash\oleo.cpp(449): warning C4244: '=': 'ULONGLONG'에서 'DWORD'(으)로 변환하면서 데이터가 손실될 수 있습니다.
c:\users\administrator\desktop\team_diesirae mercstoria_horseracecomplete\teamdiesirae_geometrydash_ground4 (1)\teamdiesirae_geometrydash\oleo.cpp(451): error C2440: '=': 'const wchar_t [8]'에서 'TCHAR *'(으)로 변환할 수 없습니다.
  c:\users\administrator\desktop\team_diesirae mercstoria_horseracecomplete\teamdiesirae_geometrydash_ground4 (1)\teamdiesirae_geometrydash\oleo.cpp(451): note: 문자열 리터럴로부터의 변환은 const 한정자가 손실됩니다(/Zc:strictStrings 참조).
c:\users\administrator\desktop\team_diesirae mercstoria_horseracecomplete\teamdiesirae_geometrydash_ground4 (1)\teamdiesirae_geometrydash\oleo.cpp(461): warning C4244: '=': 'ULONGLONG'에서 'DWORD'(으)로 변환하면서 데이터가 손실될 수 있습니다.
c:\users\administrator\desktop\team_diesirae mercstoria_horseracecomplete\teamdiesirae_geometrydash_ground4 (1)\teamdiesirae_geometrydash\oleo.cpp(463): error C2440: '=': 'const wchar_t [15]'에서 'TCHAR *'(으)로 변환할 수 없습니다.
  c:\users\administrator\desktop\team_diesirae mercstoria_horseracecomplete\teamdiesirae_geometrydash_ground4 (1)\teamdiesirae_geometrydash\oleo.cpp(463): note: 문자열 리터럴로부터의 변환은 const 한정자가 손실됩니다(/Zc:strictStrings 참조).
c:\users\administrator\desktop\team_diesirae mercstoria_horseracecomplete\teamdiesirae_geometrydash_ground4 (1)\teamdiesirae_geometrydash\oleo.cpp(473): warning C4244: '=': 'ULONGLONG'에서 'DWORD'(으)로 변환하면서 데이터가 손실될 수 있습니다.
c:\users\administrator\desktop\team_diesirae mercstoria_horseracecomplete\teamdiesirae_geometrydash_ground4 (1)\teamdiesirae_geometrydash\oleo.cpp(475): error C2440: '=': 'const wchar_t [15]'에서 'TCHAR *'(으)로 변환할 수 없습니다.
  c:\users\administrator\desktop\team_diesirae mercstoria_horseracecomplete\teamdiesirae_geometrydash_ground4 (1)\teamdiesirae_geometrydash\oleo.cpp(475): note: 문자열 리터럴로부터의 변환은 const 한정자가 손실됩니다(/Zc:strictStrings 참조).
c:\users\administrator\desktop\team_diesirae mercstoria_horseracecomplete\teamdiesirae_geometrydash_ground4 (1)\teamdiesirae_geometrydash\oleo.cpp(486): warning C4244: '=': 'int'에서 'float'(으)로 변환하면서 데이터가 손실될 수 있습니다.
  OLeo_Illust.cpp
c:\users\administrator\desktop\team_diesirae mercstoria_horseracecomplete\teamdiesirae_geometrydash_ground4 (1)\teamdiesirae_geometrydash\oleo_illust.cpp(22): warning C4244: '=': 'int'에서 'float'(으)로 변환하면서 데이터가 손실될 수 있습니다.
c:\users\administrator\desktop\team_diesirae mercstoria_horseracecomplete\teamdiesirae_geometrydash_ground4 (1)\teamdiesirae_geometrydash\oleo_illust.cpp(23): warning C4244: '=': 'int'에서 'float'(으)로 변환하면서 데이터가 손실될 수 있습니다.
c:\users\administrator\desktop\team_diesirae mercstoria_horseracecomplete\teamdiesirae_geometrydash_ground4 (1)\teamdiesirae_geometrydash\oleo_illust.cpp(51): warning C4244: '인수': 'float'에서 'int'(으)로 변환하면서 데이터가 손실될 수 있습니다.
  OLoading.cpp
  OMiniGame.cpp
c:\users\administrator\desktop\team_diesirae mercstoria_horseracecomplete\teamdiesirae_geometrydash_ground4 (1)\teamdiesirae_geometrydash\abstractfactory.h(20): warning C4244: '인수': 'int'에서 'float'(으)로 변환하면서 데이터가 손실될 수 있습니다.
  c:\users\administrator\desktop\team_diesirae mercstoria_horseracecomplete\teamdiesirae_geometrydash_ground4 (1)\teamdiesirae_geometrydash\abstractfactory.h(17): note: 클래스 템플릿 멤버 함수 'CObj *AbstractFactory<COAlponso_Illust>::CreateObj(int,int)'을(를) 컴파일하고 있습니다.
  c:\users\administrator\desktop\team_diesirae mercstoria_horseracecomplete\teamdiesirae_geometrydash_ground4 (1)\teamdiesirae_geometrydash\ominigame.cpp(44): note: 컴파일 중인 함수 템플릿 인스턴스화 'CObj *AbstractFactory<COAlponso_Illust>::CreateObj(int,int)'에 대한 참조를 확인하십시오.
  c:\users\administrator\desktop\team_diesirae mercstoria_horseracecomplete\teamdiesirae_geometrydash_ground4 (1)\teamdiesirae_geometrydash\ominigame.cpp(44): note: 컴파일 중인 클래스 템플릿 인스턴스화 'AbstractFactory<COAlponso_Illust>'에 대한 참조를 확인하세요.
c:\users\administrator\desktop\team_diesirae mercstoria_horseracecomplete\teamdiesirae_geometrydash_ground4 (1)\teamdiesirae_geometrydash\abstractfactory.h(29): warning C4244: '인수': 'int'에서 'float'(으)로 변환하면서 데이터가 손실될 수 있습니다.
  c:\users\administrator\desktop\team_diesirae mercstoria_horseracecomplete\teamdiesirae_geometrydash_ground4 (1)\teamdiesirae_geometrydash\abstractfactory.h(26): note: 클래스 템플릿 멤버 함수 'CObj *AbstractFactory<COLeo>::CreateObj(int,int,bool)'을(를) 컴파일하고 있습니다.
  c:\users\administrator\desktop\team_diesirae mercstoria_horseracecomplete\teamdiesirae_geometrydash_ground4 (1)\teamdiesirae_geometrydash\ominigame.cpp(31): note: 컴파일 중인 함수 템플릿 인스턴스화 'CObj *AbstractFactory<COLeo>::CreateObj(int,int,bool)'에 대한 참조를 확인하십시오.
  c:\users\administrator\desktop\team_diesirae mercstoria_horseracecomplete\teamdiesirae_geometrydash_ground4 (1)\teamdiesirae_geometrydash\ominigame.cpp(31): note: 컴파일 중인 클래스 템플릿 인스턴스화 'AbstractFactory<COLeo>'에 대한 참조를 확인하세요.
  OMonster_Practice.cpp
  ONumbering.cpp
c:\users\administrator\desktop\team_diesirae mercstoria_horseracecomplete\teamdiesirae_geometrydash_ground4 (1)\teamdiesirae_geometrydash\onumbering.cpp(22): warning C4244: '=': 'int'에서 'float'(으)로 변환하면서 데이터가 손실될 수 있습니다.
c:\users\administrator\desktop\team_diesirae mercstoria_horseracecomplete\teamdiesirae_geometrydash_ground4 (1)\teamdiesirae_geometrydash\onumbering.cpp(23): warning C4244: '=': 'int'에서 'float'(으)로 변환하면서 데이터가 손실될 수 있습니다.
c:\users\administrator\desktop\team_diesirae mercstoria_horseracecomplete\teamdiesirae_geometrydash_ground4 (1)\teamdiesirae_geometrydash\onumbering.cpp(32): warning C4244: '=': 'ULONGLONG'에서 'DWORD'(으)로 변환하면서 데이터가 손실될 수 있습니다.
c:\users\administrator\desktop\team_diesirae mercstoria_horseracecomplete\teamdiesirae_geometrydash_ground4 (1)\teamdiesirae_geometrydash\onumbering.cpp(75): warning C4244: '인수': 'float'에서 'int'(으)로 변환하면서 데이터가 손실될 수 있습니다.
c:\users\administrator\desktop\team_diesirae mercstoria_horseracecomplete\teamdiesirae_geometrydash_ground4 (1)\teamdiesirae_geometrydash\onumbering.cpp(74): warning C4244: '인수': 'float'에서 'int'(으)로 변환하면서 데이터가 손실될 수 있습니다.
c:\users\administrator\desktop\team_diesirae mercstoria_horseracecomplete\teamdiesirae_geometrydash_ground4 (1)\teamdiesirae_geometrydash\onumbering.cpp(80): warning C4244: '인수': 'float'에서 'int'(으)로 변환하면서 데이터가 손실될 수 있습니다.
c:\users\administrator\desktop\team_diesirae mercstoria_horseracecomplete\teamdiesirae_geometrydash_ground4 (1)\teamdiesirae_geometrydash\onumbering.cpp(79): warning C4244: '인수': 'float'에서 'int'(으)로 변환하면서 데이터가 손실될 수 있습니다.
c:\users\administrator\desktop\team_diesirae mercstoria_horseracecomplete\teamdiesirae_geometrydash_ground4 (1)\teamdiesirae_geometrydash\onumbering.cpp(85): warning C4244: '인수': 'float'에서 'int'(으)로 변환하면서 데이터가 손실될 수 있습니다.
c:\users\administrator\desktop\team_diesirae mercstoria_horseracecomplete\teamdiesirae_geometrydash_ground4 (1)\teamdiesirae_geometrydash\onumbering.cpp(84): warning C4244: '인수': 'float'에서 'int'(으)로 변환하면서 데이터가 손실될 수 있습니다.
  ORocoTown.cpp
c:\users\administrator\desktop\team_diesirae mercstoria_horseracecomplete\teamdiesirae_geometrydash_ground4 (1)\teamdiesirae_geometrydash\orocotown.cpp(205): warning C4244: '인수': 'const float'에서 'int'(으)로 변환하면서 데이터가 손실될 수 있습니다.
c:\users\administrator\desktop\team_diesirae mercstoria_horseracecomplete\teamdiesirae_geometrydash_ground4 (1)\teamdiesirae_geometrydash\abstractfactory.h(29): warning C4244: '인수': 'int'에서 'float'(으)로 변환하면서 데이터가 손실될 수 있습니다.
  c:\users\administrator\desktop\team_diesirae mercstoria_horseracecomplete\teamdiesirae_geometrydash_ground4 (1)\teamdiesirae_geometrydash\abstractfactory.h(26): note: 클래스 템플릿 멤버 함수 'CObj *AbstractFactory<COLeo>::CreateObj(int,int,bool)'을(를) 컴파일하고 있습니다.
  c:\users\administrator\desktop\team_diesirae mercstoria_horseracecomplete\teamdiesirae_geometrydash_ground4 (1)\teamdiesirae_geometrydash\orocotown.cpp(33): note: 컴파일 중인 함수 템플릿 인스턴스화 'CObj *AbstractFactory<COLeo>::CreateObj(int,int,bool)'에 대한 참조를 확인하십시오.
  c:\users\administrator\desktop\team_diesirae mercstoria_horseracecomplete\teamdiesirae_geometrydash_ground4 (1)\teamdiesirae_geometrydash\orocotown.cpp(33): note: 컴파일 중인 클래스 템플릿 인스턴스화 'AbstractFactory<COLeo>'에 대한 참조를 확인하세요.
  OSanctuary.cpp
c:\users\administrator\desktop\team_diesirae mercstoria_horseracecomplete\teamdiesirae_geometrydash_ground4 (1)\teamdiesirae_geometrydash\abstractfactory.h(29): warning C4244: '인수': 'int'에서 'float'(으)로 변환하면서 데이터가 손실될 수 있습니다.
  c:\users\administrator\desktop\team_diesirae mercstoria_horseracecomplete\teamdiesirae_geometrydash_ground4 (1)\teamdiesirae_geometrydash\abstractfactory.h(26): note: 클래스 템플릿 멤버 함수 'CObj *AbstractFactory<COLeo>::CreateObj(int,int,bool)'을(를) 컴파일하고 있습니다.
  c:\users\administrator\desktop\team_diesirae mercstoria_horseracecomplete\teamdiesirae_geometrydash_ground4 (1)\teamdiesirae_geometrydash\osanctuary.cpp(31): note: 컴파일 중인 함수 템플릿 인스턴스화 'CObj *AbstractFactory<COLeo>::CreateObj(int,int,bool)'에 대한 참조를 확인하십시오.
  c:\users\administrator\desktop\team_diesirae mercstoria_horseracecomplete\teamdiesirae_geometrydash_ground4 (1)\teamdiesirae_geometrydash\osanctuary.cpp(31): note: 컴파일 중인 클래스 템플릿 인스턴스화 'AbstractFactory<COLeo>'에 대한 참조를 확인하세요.
  OSelectCharacter.cpp
c:\users\administrator\desktop\team_diesirae mercstoria_horseracecomplete\teamdiesirae_geometrydash_ground4 (1)\teamdiesirae_geometrydash\abstractfactory.h(29): warning C4244: '인수': 'int'에서 'float'(으)로 변환하면서 데이터가 손실될 수 있습니다.
  c:\users\administrator\desktop\team_diesirae mercstoria_horseracecomplete\teamdiesirae_geometrydash_ground4 (1)\teamdiesirae_geometrydash\abstractfactory.h(26): note: 클래스 템플릿 멤버 함수 'CObj *AbstractFactory<COLeo>::CreateObj(int,int,bool)'을(를) 컴파일하고 있습니다.
  c:\users\administrator\desktop\team_diesirae mercstoria_horseracecomplete\teamdiesirae_geometrydash_ground4 (1)\teamdiesirae_geometrydash\oselectcharacter.cpp(35): note: 컴파일 중인 함수 템플릿 인스턴스화 'CObj *AbstractFactory<COLeo>::CreateObj(int,int,bool)'에 대한 참조를 확인하십시오.
  c:\users\administrator\desktop\team_diesirae mercstoria_horseracecomplete\teamdiesirae_geometrydash_ground4 (1)\teamdiesirae_geometrydash\oselectcharacter.cpp(35): note: 컴파일 중인 클래스 템플릿 인스턴스화 'AbstractFactory<COLeo>'에 대한 참조를 확인하세요.
  OSelectMap.cpp
c:\users\administrator\desktop\team_diesirae mercstoria_horseracecomplete\teamdiesirae_geometrydash_ground4 (1)\teamdiesirae_geometrydash\oselectmap.cpp(59): warning C4244: '인수': 'int'에서 'float'(으)로 변환하면서 데이터가 손실될 수 있습니다.
c:\users\administrator\desktop\team_diesirae mercstoria_horseracecomplete\teamdiesirae_geometrydash_ground4 (1)\teamdiesirae_geometrydash\abstractfactory.h(29): warning C4244: '인수': 'int'에서 'float'(으)로 변환하면서 데이터가 손실될 수 있습니다.
  c:\users\administrator\desktop\team_diesirae mercstoria_horseracecomplete\teamdiesirae_geometrydash_ground4 (1)\teamdiesirae_geometrydash\abstractfactory.h(26): note: 클래스 템플릿 멤버 함수 'CObj *AbstractFactory<COLeo>::CreateObj(int,int,bool)'을(를) 컴파일하고 있습니다.
  c:\users\administrator\desktop\team_diesirae mercstoria_horseracecomplete\teamdiesirae_geometrydash_ground4 (1)\teamdiesirae_geometrydash\oselectmap.cpp(43): note: 컴파일 중인 함수 템플릿 인스턴스화 'CObj *AbstractFactory<COLeo>::CreateObj(int,int,bool)'에 대한 참조를 확인하십시오.
  c:\users\administrator\desktop\team_diesirae mercstoria_horseracecomplete\teamdiesirae_geometrydash_ground4 (1)\teamdiesirae_geometrydash\oselectmap.cpp(43): note: 컴파일 중인 클래스 템플릿 인스턴스화 'AbstractFactory<COLeo>'에 대한 참조를 확인하세요.
  OSelectMode.cpp
c:\users\administrator\desktop\team_diesirae mercstoria_horseracecomplete\teamdiesirae_geometrydash_ground4 (1)\teamdiesirae_geometrydash\oselectmode.cpp(21): warning C4244: '=': 'int'에서 'float'(으)로 변환하면서 데이터가 손실될 수 있습니다.
c:\users\administrator\desktop\team_diesirae mercstoria_horseracecomplete\teamdiesirae_geometrydash_ground4 (1)\teamdiesirae_geometrydash\oselectmode.cpp(22): warning C4244: '=': 'int'에서 'float'(으)로 변환하면서 데이터가 손실될 수 있습니다.
c:\users\administrator\desktop\team_diesirae mercstoria_horseracecomplete\teamdiesirae_geometrydash_ground4 (1)\teamdiesirae_geometrydash\oselectmode.cpp(43): warning C4244: '인수': 'float'에서 'int'(으)로 변환하면서 데이터가 손실될 수 있습니다.
c:\users\administrator\desktop\team_diesirae mercstoria_horseracecomplete\teamdiesirae_geometrydash_ground4 (1)\teamdiesirae_geometrydash\oselectmode.cpp(46): warning C4244: '인수': 'float'에서 'int'(으)로 변환하면서 데이터가 손실될 수 있습니다.
  OSkillBox.cpp
c:\users\administrator\desktop\team_diesirae mercstoria_horseracecomplete\teamdiesirae_geometrydash_ground4 (1)\teamdiesirae_geometrydash\oskillbox.cpp(22): warning C4244: '=': 'int'에서 'float'(으)로 변환하면서 데이터가 손실될 수 있습니다.
c:\users\administrator\desktop\team_diesirae mercstoria_horseracecomplete\teamdiesirae_geometrydash_ground4 (1)\teamdiesirae_geometrydash\oskillbox.cpp(23): warning C4244: '=': 'int'에서 'float'(으)로 변환하면서 데이터가 손실될 수 있습니다.
c:\users\administrator\desktop\team_diesirae mercstoria_horseracecomplete\teamdiesirae_geometrydash_ground4 (1)\teamdiesirae_geometrydash\oskillbox.cpp(46): warning C4244: '인수': 'float'에서 'int'(으)로 변환하면서 데이터가 손실될 수 있습니다.
  OText.cpp
c:\users\administrator\desktop\team_diesirae mercstoria_horseracecomplete\teamdiesirae_geometrydash_ground4 (1)\teamdiesirae_geometrydash\otext.cpp(92): warning C4018: '<': signed 또는 unsigned가 일치하지 않습니다.
  OTextBox.cpp
c:\users\administrator\desktop\team_diesirae mercstoria_horseracecomplete\teamdiesirae_geometrydash_ground4 (1)\teamdiesirae_geometrydash\otextbox.cpp(27): warning C4244: '=': 'int'에서 'float'(으)로 변환하면서 데이터가 손실될 수 있습니다.
c:\users\administrator\desktop\team_diesirae mercstoria_horseracecomplete\teamdiesirae_geometrydash_ground4 (1)\teamdiesirae_geometrydash\otextbox.cpp(28): warning C4244: '=': 'int'에서 'float'(으)로 변환하면서 데이터가 손실될 수 있습니다.
c:\users\administrator\desktop\team_diesirae mercstoria_horseracecomplete\teamdiesirae_geometrydash_ground4 (1)\teamdiesirae_geometrydash\otextbox.cpp(30): warning C4244: '인수': 'float'에서 'int'(으)로 변환하면서 데이터가 손실될 수 있습니다.
c:\users\administrator\desktop\team_diesirae mercstoria_horseracecomplete\teamdiesirae_geometrydash_ground4 (1)\teamdiesirae_geometrydash\otextbox.cpp(107): warning C4244: '인수': 'float'에서 'int'(으)로 변환하면서 데이터가 손실될 수 있습니다.
c:\users\administrator\desktop\team_diesirae mercstoria_horseracecomplete\teamdiesirae_geometrydash_ground4 (1)\teamdiesirae_geometrydash\abstractfactory.h(29): warning C4244: '인수': 'int'에서 'float'(으)로 변환하면서 데이터가 손실될 수 있습니다.
  c:\users\administrator\desktop\team_diesirae mercstoria_horseracecomplete\teamdiesirae_geometrydash_ground4 (1)\teamdiesirae_geometrydash\abstractfactory.h(26): note: 클래스 템플릿 멤버 함수 'CObj *AbstractFactory<COLeo_Illust>::CreateObj(int,int,bool)'을(를) 컴파일하고 있습니다.
  c:\users\administrator\desktop\team_diesirae mercstoria_horseracecomplete\teamdiesirae_geometrydash_ground4 (1)\teamdiesirae_geometrydash\otextbox.cpp(36): note: 컴파일 중인 함수 템플릿 인스턴스화 'CObj *AbstractFactory<COLeo_Illust>::CreateObj(int,int,bool)'에 대한 참조를 확인하십시오.
  c:\users\administrator\desktop\team_diesirae mercstoria_horseracecomplete\teamdiesirae_geometrydash_ground4 (1)\teamdiesirae_geometrydash\otextbox.cpp(36): note: 컴파일 중인 클래스 템플릿 인스턴스화 'AbstractFactory<COLeo_Illust>'에 대한 참조를 확인하세요.
  OTutorial.cpp
c:\users\administrator\desktop\team_diesirae mercstoria_horseracecomplete\teamdiesirae_geometrydash_ground4 (1)\teamdiesirae_geometrydash\abstractfactory.h(20): warning C4244: '인수': 'int'에서 'float'(으)로 변환하면서 데이터가 손실될 수 있습니다.
  c:\users\administrator\desktop\team_diesirae mercstoria_horseracecomplete\teamdiesirae_geometrydash_ground4 (1)\teamdiesirae_geometrydash\abstractfactory.h(17): note: 클래스 템플릿 멤버 함수 'CObj *AbstractFactory<COAttentionMark>::CreateObj(int,int)'을(를) 컴파일하고 있습니다.
  c:\users\administrator\desktop\team_diesirae mercstoria_horseracecomplete\teamdiesirae_geometrydash_ground4 (1)\teamdiesirae_geometrydash\otutorial.cpp(63): note: 컴파일 중인 함수 템플릿 인스턴스화 'CObj *AbstractFactory<COAttentionMark>::CreateObj(int,int)'에 대한 참조를 확인하십시오.
  c:\users\administrator\desktop\team_diesirae mercstoria_horseracecomplete\teamdiesirae_geometrydash_ground4 (1)\teamdiesirae_geometrydash\otutorial.cpp(63): note: 컴파일 중인 클래스 템플릿 인스턴스화 'AbstractFactory<COAttentionMark>'에 대한 참조를 확인하세요.
c:\users\administrator\desktop\team_diesirae mercstoria_horseracecomplete\teamdiesirae_geometrydash_ground4 (1)\teamdiesirae_geometrydash\abstractfactory.h(29): warning C4244: '인수': 'int'에서 'float'(으)로 변환하면서 데이터가 손실될 수 있습니다.
  c:\users\administrator\desktop\team_diesirae mercstoria_horseracecomplete\teamdiesirae_geometrydash_ground4 (1)\teamdiesirae_geometrydash\abstractfactory.h(26): note: 클래스 템플릿 멤버 함수 'CObj *AbstractFactory<COTextBox>::CreateObj(int,int,bool)'을(를) 컴파일하고 있습니다.
  c:\users\administrator\desktop\team_diesirae mercstoria_horseracecomplete\teamdiesirae_geometrydash_ground4 (1)\teamdiesirae_geometrydash\otutorial.cpp(60): note: 컴파일 중인 함수 템플릿 인스턴스화 'CObj *AbstractFactory<COTextBox>::CreateObj(int,int,bool)'에 대한 참조를 확인하십시오.
  c:\users\administrator\desktop\team_diesirae mercstoria_horseracecomplete\teamdiesirae_geometrydash_ground4 (1)\teamdiesirae_geometrydash\otutorial.cpp(60): note: 컴파일 중인 클래스 템플릿 인스턴스화 'AbstractFactory<COTextBox>'에 대한 참조를 확인하세요.
  OTutorialBlObj.cpp
c:\users\administrator\desktop\team_diesirae mercstoria_horseracecomplete\teamdiesirae_geometrydash_ground4 (1)\teamdiesirae_geometrydash\otutorialblobj.cpp(17): warning C4244: '=': 'int'에서 'float'(으)로 변환하면서 데이터가 손실될 수 있습니다.
c:\users\administrator\desktop\team_diesirae mercstoria_horseracecomplete\teamdiesirae_geometrydash_ground4 (1)\teamdiesirae_geometrydash\otutorialblobj.cpp(18): warning C4244: '=': 'int'에서 'float'(으)로 변환하면서 데이터가 손실될 수 있습니다.
c:\users\administrator\desktop\team_diesirae mercstoria_horseracecomplete\teamdiesirae_geometrydash_ground4 (1)\teamdiesirae_geometrydash\otutorialblobj.cpp(49): warning C4244: '인수': 'float'에서 'int'(으)로 변환하면서 데이터가 손실될 수 있습니다.
  OTutorialBlObj2.cpp
c:\users\administrator\desktop\team_diesirae mercstoria_horseracecomplete\teamdiesirae_geometrydash_ground4 (1)\teamdiesirae_geometrydash\otutorialblobj2.cpp(18): warning C4244: '=': 'int'에서 'float'(으)로 변환하면서 데이터가 손실될 수 있습니다.
c:\users\administrator\desktop\team_diesirae mercstoria_horseracecomplete\teamdiesirae_geometrydash_ground4 (1)\teamdiesirae_geometrydash\otutorialblobj2.cpp(19): warning C4244: '=': 'int'에서 'float'(으)로 변환하면서 데이터가 손실될 수 있습니다.
c:\users\administrator\desktop\team_diesirae mercstoria_horseracecomplete\teamdiesirae_geometrydash_ground4 (1)\teamdiesirae_geometrydash\otutorialblobj2.cpp(50): warning C4244: '인수': 'float'에서 'int'(으)로 변환하면서 데이터가 손실될 수 있습니다.
  OVolcano.cpp
c:\users\administrator\desktop\team_diesirae mercstoria_horseracecomplete\teamdiesirae_geometrydash_ground4 (1)\teamdiesirae_geometrydash\ovolcano.cpp(108): warning C4244: '인수': 'const float'에서 'int'(으)로 변환하면서 데이터가 손실될 수 있습니다.
c:\users\administrator\desktop\team_diesirae mercstoria_horseracecomplete\teamdiesirae_geometrydash_ground4 (1)\teamdiesirae_geometrydash\abstractfactory.h(20): warning C4244: '인수': 'int'에서 'float'(으)로 변환하면서 데이터가 손실될 수 있습니다.
  c:\users\administrator\desktop\team_diesirae mercstoria_horseracecomplete\teamdiesirae_geometrydash_ground4 (1)\teamdiesirae_geometrydash\abstractfactory.h(17): note: 클래스 템플릿 멤버 함수 'CObj *AbstractFactory<COMonster_Practice>::CreateObj(int,int)'을(를) 컴파일하고 있습니다.
  c:\users\administrator\desktop\team_diesirae mercstoria_horseracecomplete\teamdiesirae_geometrydash_ground4 (1)\teamdiesirae_geometrydash\ovolcano.cpp(108): note: 컴파일 중인 함수 템플릿 인스턴스화 'CObj *AbstractFactory<COMonster_Practice>::CreateObj(int,int)'에 대한 참조를 확인하십시오.
  c:\users\administrator\desktop\team_diesirae mercstoria_horseracecomplete\teamdiesirae_geometrydash_ground4 (1)\teamdiesirae_geometrydash\ovolcano.cpp(108): note: 컴파일 중인 클래스 템플릿 인스턴스화 'AbstractFactory<COMonster_Practice>'에 대한 참조를 확인하세요.
c:\users\administrator\desktop\team_diesirae mercstoria_horseracecomplete\teamdiesirae_geometrydash_ground4 (1)\teamdiesirae_geometrydash\abstractfactory.h(29): warning C4244: '인수': 'int'에서 'float'(으)로 변환하면서 데이터가 손실될 수 있습니다.
  c:\users\administrator\desktop\team_diesirae mercstoria_horseracecomplete\teamdiesirae_geometrydash_ground4 (1)\teamdiesirae_geometrydash\abstractfactory.h(26): note: 클래스 템플릿 멤버 함수 'CObj *AbstractFactory<COLeo>::CreateObj(int,int,bool)'을(를) 컴파일하고 있습니다.
  c:\users\administrator\desktop\team_diesirae mercstoria_horseracecomplete\teamdiesirae_geometrydash_ground4 (1)\teamdiesirae_geometrydash\ovolcano.cpp(33): note: 컴파일 중인 함수 템플릿 인스턴스화 'CObj *AbstractFactory<COLeo>::CreateObj(int,int,bool)'에 대한 참조를 확인하십시오.
  c:\users\administrator\desktop\team_diesirae mercstoria_horseracecomplete\teamdiesirae_geometrydash_ground4 (1)\teamdiesirae_geometrydash\ovolcano.cpp(33): note: 컴파일 중인 클래스 템플릿 인스턴스화 'AbstractFactory<COLeo>'에 대한 참조를 확인하세요.
  Player_Death.cpp
  SBeroia.cpp
  컴파일하고 있습니다...
  Scene.cpp
  SceneMgr.cpp
c:\users\administrator\desktop\team_diesirae mercstoria_horseracecomplete\teamdiesirae_geometrydash_ground4 (1)\teamdiesirae_geometrydash\scenemgr.cpp(25): warning C4244: '=': 'ULONGLONG'에서 'DWORD'(으)로 변환하면서 데이터가 손실될 수 있습니다.
  SLoading.cpp
  SMiniGame.cpp
c:\users\administrator\desktop\team_diesirae mercstoria_horseracecomplete\teamdiesirae_geometrydash_ground4 (1)\teamdiesirae_geometrydash\ohorserace.h(36): warning C4244: '초기화 중': 'ULONGLONG'에서 'DWORD'(으)로 변환하면서 데이터가 손실될 수 있습니다.
c:\users\administrator\desktop\team_diesirae mercstoria_horseracecomplete\teamdiesirae_geometrydash_ground4 (1)\teamdiesirae_geometrydash\ohorserace.h(37): warning C4244: '초기화 중': 'ULONGLONG'에서 'DWORD'(으)로 변환하면서 데이터가 손실될 수 있습니다.
c:\users\administrator\desktop\team_diesirae mercstoria_horseracecomplete\teamdiesirae_geometrydash_ground4 (1)\teamdiesirae_geometrydash\sminigame.cpp(22): warning C4305: '인수': 'double'에서 'float'(으)로 잘립니다.
  SoundMgr.cpp
c:\users\administrator\desktop\team_diesirae mercstoria_horseracecomplete\teamdiesirae_geometrydash_ground4 (1)\teamdiesirae_geometrydash\soundmgr.cpp(42): error C2440: '초기화 중': '_InIt'에서 '_InIt &'(으)로 변환할 수 없습니다.
          with
          [
              _InIt=std::_Tree_iterator<std::_Tree_val<std::_Tree_simple_types<std::pair<const wchar_t *const ,FMOD_SOUND *>>>>
          ]
  c:\users\administrator\desktop\team_diesirae mercstoria_horseracecomplete\teamdiesirae_geometrydash_ground4 (1)\teamdiesirae_geometrydash\soundmgr.cpp(42): note: 비const 참조는 lvalue에만 바인딩할 수 있습니다.
c:\users\administrator\desktop\team_diesirae mercstoria_horseracecomplete\teamdiesirae_geometrydash_ground4 (1)\teamdiesirae_geometrydash\soundmgr.cpp(59): error C2440: '초기화 중': '_InIt'에서 '_InIt &'(으)로 변환할 수 없습니다.
          with
          [
              _InIt=std::_Tree_iterator<std::_Tree_val<std::_Tree_simple_types<std::pair<const wchar_t *const ,FMOD_SOUND *>>>>
          ]
  c:\users\administrator\desktop\team_diesirae mercstoria_horseracecomplete\teamdiesirae_geometrydash_ground4 (1)\teamdiesirae_geometrydash\soundmgr.cpp(59): note: 비const 참조는 lvalue에만 바인딩할 수 있습니다.
c:\users\administrator\desktop\team_diesirae mercstoria_horseracecomplete\teamdiesirae_geometrydash_ground4 (1)\teamdiesirae_geometrydash\soundmgr.cpp(140): error C2440: '초기화 중': '_InIt'에서 '_InIt &'(으)로 변환할 수 없습니다.
          with
          [
              _InIt=std::_Tree_iterator<std::_Tree_val<std::_Tree_simple_types<std::pair<const wchar_t *const ,FMOD_SOUND *>>>>
          ]
  c:\users\administrator\desktop\team_diesirae mercstoria_horseracecomplete\teamdiesirae_geometrydash_ground4 (1)\teamdiesirae_geometrydash\soundmgr.cpp(140): note: 비const 참조는 lvalue에만 바인딩할 수 있습니다.
  SRocoTown.cpp
  SSanctuary.cpp
  SSelectCharacter.cpp
  SSelectMode.cpp
  SSelectStage.cpp
  STutorial.cpp
  SVolcano.cpp
  TeamDiesIrae_GeometryDash.cpp
c:\users\administrator\desktop\team_diesirae mercstoria_horseracecomplete\teamdiesirae_geometrydash_ground4 (1)\teamdiesirae_geometrydash\teamdiesirae_geometrydash.cpp(61): warning C4244: '초기화 중': 'ULONGLONG'에서 'DWORD'(으)로 변환하면서 데이터가 손실될 수 있습니다.
c:\users\administrator\desktop\team_diesirae mercstoria_horseracecomplete\teamdiesirae_geometrydash_ground4 (1)\teamdiesirae_geometrydash\teamdiesirae_geometrydash.cpp(62): warning C4244: '초기화 중': 'ULONGLONG'에서 'DWORD'(으)로 변환하면서 데이터가 손실될 수 있습니다.
c:\users\administrator\desktop\team_diesirae mercstoria_horseracecomplete\teamdiesirae_geometrydash_ground4 (1)\teamdiesirae_geometrydash\teamdiesirae_geometrydash.cpp(88): warning C4244: '=': 'ULONGLONG'에서 'DWORD'(으)로 변환하면서 데이터가 손실될 수 있습니다.
c:\users\administrator\desktop\team_diesirae mercstoria_horseracecomplete\teamdiesirae_geometrydash_ground4 (1)\teamdiesirae_geometrydash\teamdiesirae_geometrydash.cpp(96): warning C4244: '=': 'ULONGLONG'에서 'DWORD'(으)로 변환하면서 데이터가 손실될 수 있습니다.
