  Attack_Effect.cpp
C:\Users\SBSGAME\Desktop\TeamDiesIrae_DxPractice_RenderPractice_F2\TeamDiesIrae_GeometryDash\Attack_Effect.cpp(46,74): error C2664: 'void COAttack_Effect::SetFrame(TCHAR *)': 인수 1을(를) 'const wchar_t [22]'에서 'TCHAR *'(으)로 변환할 수 없습니다.
C:\Users\SBSGAME\Desktop\TeamDiesIrae_DxPractice_RenderPractice_F2\TeamDiesIrae_GeometryDash\Attack_Effect.cpp(46,50): message : 문자열 리터럴로부터의 변환은 const 한정자가 손실됩니다(/Zc:strictStrings 참조).
C:\Users\SBSGAME\Desktop\TeamDiesIrae_DxPractice_RenderPractice_F2\TeamDiesIrae_GeometryDash\OAttack_Effect.h(11,7): message : 'COAttack_Effect::SetFrame' 선언을 참조하십시오.
C:\Users\SBSGAME\Desktop\TeamDiesIrae_DxPractice_RenderPractice_F2\TeamDiesIrae_GeometryDash\Attack_Effect.cpp(49,70): error C2664: 'void COAttack_Effect::SetFrame(TCHAR *)': 인수 1을(를) 'const wchar_t [18]'에서 'TCHAR *'(으)로 변환할 수 없습니다.
C:\Users\SBSGAME\Desktop\TeamDiesIrae_DxPractice_RenderPractice_F2\TeamDiesIrae_GeometryDash\Attack_Effect.cpp(49,50): message : 문자열 리터럴로부터의 변환은 const 한정자가 손실됩니다(/Zc:strictStrings 참조).
C:\Users\SBSGAME\Desktop\TeamDiesIrae_DxPractice_RenderPractice_F2\TeamDiesIrae_GeometryDash\OAttack_Effect.h(11,7): message : 'COAttack_Effect::SetFrame' 선언을 참조하십시오.
C:\Users\SBSGAME\Desktop\TeamDiesIrae_DxPractice_RenderPractice_F2\TeamDiesIrae_GeometryDash\Attack_Effect.cpp(54,67): warning C4244: '인수': 'LONG'에서 'float'(으)로 변환하면서 데이터가 손실될 수 있습니다.
C:\Users\SBSGAME\Desktop\TeamDiesIrae_DxPractice_RenderPractice_F2\TeamDiesIrae_GeometryDash\Attack_Effect.cpp(54,52): warning C4244: '인수': 'LONG'에서 'float'(으)로 변환하면서 데이터가 손실될 수 있습니다.
C:\Users\SBSGAME\Desktop\TeamDiesIrae_DxPractice_RenderPractice_F2\TeamDiesIrae_GeometryDash\Attack_Effect.cpp(54,39): warning C4244: '인수': 'LONG'에서 'float'(으)로 변환하면서 데이터가 손실될 수 있습니다.
C:\Users\SBSGAME\Desktop\TeamDiesIrae_DxPractice_RenderPractice_F2\TeamDiesIrae_GeometryDash\Attack_Effect.cpp(54,25): warning C4244: '인수': 'LONG'에서 'float'(으)로 변환하면서 데이터가 손실될 수 있습니다.
  BG_Bitmap.cpp
  OAlponso.cpp
C:\Users\SBSGAME\Desktop\TeamDiesIrae_DxPractice_RenderPractice_F2\TeamDiesIrae_GeometryDash\OAlponso.cpp(10,30): warning C4244: '=': 'ULONGLONG'에서 'DWORD'(으)로 변환하면서 데이터가 손실될 수 있습니다.
C:\Users\SBSGAME\Desktop\TeamDiesIrae_DxPractice_RenderPractice_F2\TeamDiesIrae_GeometryDash\OAlponso.cpp(11,30): warning C4244: '=': 'ULONGLONG'에서 'DWORD'(으)로 변환하면서 데이터가 손실될 수 있습니다.
C:\Users\SBSGAME\Desktop\TeamDiesIrae_DxPractice_RenderPractice_F2\TeamDiesIrae_GeometryDash\OAlponso.cpp(40,37): error C2440: '=': 'const wchar_t [19]'에서 'TCHAR *'(으)로 변환할 수 없습니다.
C:\Users\SBSGAME\Desktop\TeamDiesIrae_DxPractice_RenderPractice_F2\TeamDiesIrae_GeometryDash\OAlponso.cpp(40,16): message : 문자열 리터럴로부터의 변환은 const 한정자가 손실됩니다(/Zc:strictStrings 참조).
C:\Users\SBSGAME\Desktop\TeamDiesIrae_DxPractice_RenderPractice_F2\TeamDiesIrae_GeometryDash\OAlponso.cpp(45,39): warning C4244: '=': 'ULONGLONG'에서 'DWORD'(으)로 변환하면서 데이터가 손실될 수 있습니다.
C:\Users\SBSGAME\Desktop\TeamDiesIrae_DxPractice_RenderPractice_F2\TeamDiesIrae_GeometryDash\OAlponso.cpp(52,131): warning C4244: '=': 'int'에서 'float'(으)로 변환하면서 데이터가 손실될 수 있습니다.
C:\Users\SBSGAME\Desktop\TeamDiesIrae_DxPractice_RenderPractice_F2\TeamDiesIrae_GeometryDash\OAlponso.cpp(53,131): warning C4244: '=': 'int'에서 'float'(으)로 변환하면서 데이터가 손실될 수 있습니다.
C:\Users\SBSGAME\Desktop\TeamDiesIrae_DxPractice_RenderPractice_F2\TeamDiesIrae_GeometryDash\OAlponso.cpp(97,22): warning C4553: '==': 식의 결과가 사용되지 않습니다. '='을(를) 의도했습니까?
C:\Users\SBSGAME\Desktop\TeamDiesIrae_DxPractice_RenderPractice_F2\TeamDiesIrae_GeometryDash\OAlponso.cpp(278,103): warning C4244: '인수': 'float'에서 'int'(으)로 변환하면서 데이터가 손실될 수 있습니다.
C:\Users\SBSGAME\Desktop\TeamDiesIrae_DxPractice_RenderPractice_F2\TeamDiesIrae_GeometryDash\OAlponso.cpp(278,90): warning C4244: '인수': 'float'에서 'int'(으)로 변환하면서 데이터가 손실될 수 있습니다.
C:\Users\SBSGAME\Desktop\TeamDiesIrae_DxPractice_RenderPractice_F2\TeamDiesIrae_GeometryDash\OAlponso.cpp(278,59): warning C4244: '인수': 'float'에서 'int'(으)로 변환하면서 데이터가 손실될 수 있습니다.
C:\Users\SBSGAME\Desktop\TeamDiesIrae_DxPractice_RenderPractice_F2\TeamDiesIrae_GeometryDash\OAlponso.cpp(278,23): warning C4244: '인수': 'float'에서 'int'(으)로 변환하면서 데이터가 손실될 수 있습니다.
C:\Users\SBSGAME\Desktop\TeamDiesIrae_DxPractice_RenderPractice_F2\TeamDiesIrae_GeometryDash\OAlponso.cpp(277,72): warning C4244: '인수': 'float'에서 'int'(으)로 변환하면서 데이터가 손실될 수 있습니다.
C:\Users\SBSGAME\Desktop\TeamDiesIrae_DxPractice_RenderPractice_F2\TeamDiesIrae_GeometryDash\OAlponso.cpp(277,59): warning C4244: '인수': 'float'에서 'int'(으)로 변환하면서 데이터가 손실될 수 있습니다.
C:\Users\SBSGAME\Desktop\TeamDiesIrae_DxPractice_RenderPractice_F2\TeamDiesIrae_GeometryDash\OAlponso.cpp(302,41): warning C4244: '=': 'ULONGLONG'에서 'DWORD'(으)로 변환하면서 데이터가 손실될 수 있습니다.
C:\Users\SBSGAME\Desktop\TeamDiesIrae_DxPractice_RenderPractice_F2\TeamDiesIrae_GeometryDash\OAlponso.cpp(304,39): error C2440: '=': 'const wchar_t [19]'에서 'TCHAR *'(으)로 변환할 수 없습니다.
C:\Users\SBSGAME\Desktop\TeamDiesIrae_DxPractice_RenderPractice_F2\TeamDiesIrae_GeometryDash\OAlponso.cpp(304,18): message : 문자열 리터럴로부터의 변환은 const 한정자가 손실됩니다(/Zc:strictStrings 참조).
C:\Users\SBSGAME\Desktop\TeamDiesIrae_DxPractice_RenderPractice_F2\TeamDiesIrae_GeometryDash\OAlponso.cpp(312,41): warning C4244: '=': 'ULONGLONG'에서 'DWORD'(으)로 변환하면서 데이터가 손실될 수 있습니다.
C:\Users\SBSGAME\Desktop\TeamDiesIrae_DxPractice_RenderPractice_F2\TeamDiesIrae_GeometryDash\OAlponso.cpp(314,39): error C2440: '=': 'const wchar_t [19]'에서 'TCHAR *'(으)로 변환할 수 없습니다.
C:\Users\SBSGAME\Desktop\TeamDiesIrae_DxPractice_RenderPractice_F2\TeamDiesIrae_GeometryDash\OAlponso.cpp(314,18): message : 문자열 리터럴로부터의 변환은 const 한정자가 손실됩니다(/Zc:strictStrings 참조).
C:\Users\SBSGAME\Desktop\TeamDiesIrae_DxPractice_RenderPractice_F2\TeamDiesIrae_GeometryDash\OAlponso.cpp(322,41): warning C4244: '=': 'ULONGLONG'에서 'DWORD'(으)로 변환하면서 데이터가 손실될 수 있습니다.
C:\Users\SBSGAME\Desktop\TeamDiesIrae_DxPractice_RenderPractice_F2\TeamDiesIrae_GeometryDash\OAlponso.cpp(324,35): error C2440: '=': 'const wchar_t [15]'에서 'TCHAR *'(으)로 변환할 수 없습니다.
C:\Users\SBSGAME\Desktop\TeamDiesIrae_DxPractice_RenderPractice_F2\TeamDiesIrae_GeometryDash\OAlponso.cpp(324,18): message : 문자열 리터럴로부터의 변환은 const 한정자가 손실됩니다(/Zc:strictStrings 참조).
C:\Users\SBSGAME\Desktop\TeamDiesIrae_DxPractice_RenderPractice_F2\TeamDiesIrae_GeometryDash\OAlponso.cpp(332,41): warning C4244: '=': 'ULONGLONG'에서 'DWORD'(으)로 변환하면서 데이터가 손실될 수 있습니다.
C:\Users\SBSGAME\Desktop\TeamDiesIrae_DxPractice_RenderPractice_F2\TeamDiesIrae_GeometryDash\OAlponso.cpp(334,35): error C2440: '=': 'const wchar_t [15]'에서 'TCHAR *'(으)로 변환할 수 없습니다.
C:\Users\SBSGAME\Desktop\TeamDiesIrae_DxPractice_RenderPractice_F2\TeamDiesIrae_GeometryDash\OAlponso.cpp(334,18): message : 문자열 리터럴로부터의 변환은 const 한정자가 손실됩니다(/Zc:strictStrings 참조).
C:\Users\SBSGAME\Desktop\TeamDiesIrae_DxPractice_RenderPractice_F2\TeamDiesIrae_GeometryDash\OAlponso.cpp(342,41): warning C4244: '=': 'ULONGLONG'에서 'DWORD'(으)로 변환하면서 데이터가 손실될 수 있습니다.
C:\Users\SBSGAME\Desktop\TeamDiesIrae_DxPractice_RenderPractice_F2\TeamDiesIrae_GeometryDash\OAlponso.cpp(344,35): error C2440: '=': 'const wchar_t [15]'에서 'TCHAR *'(으)로 변환할 수 없습니다.
C:\Users\SBSGAME\Desktop\TeamDiesIrae_DxPractice_RenderPractice_F2\TeamDiesIrae_GeometryDash\OAlponso.cpp(344,18): message : 문자열 리터럴로부터의 변환은 const 한정자가 손실됩니다(/Zc:strictStrings 참조).
C:\Users\SBSGAME\Desktop\TeamDiesIrae_DxPractice_RenderPractice_F2\TeamDiesIrae_GeometryDash\OAlponso.cpp(353,37): warning C4244: '=': 'int'에서 'float'(으)로 변환하면서 데이터가 손실될 수 있습니다.
  OAlponso_Illust.cpp
C:\Users\SBSGAME\Desktop\TeamDiesIrae_DxPractice_RenderPractice_F2\TeamDiesIrae_GeometryDash\OAlponso_Illust.cpp(23,53): warning C4244: '=': 'int'에서 'float'(으)로 변환하면서 데이터가 손실될 수 있습니다.
C:\Users\SBSGAME\Desktop\TeamDiesIrae_DxPractice_RenderPractice_F2\TeamDiesIrae_GeometryDash\OAlponso_Illust.cpp(24,53): warning C4244: '=': 'int'에서 'float'(으)로 변환하면서 데이터가 손실될 수 있습니다.
C:\Users\SBSGAME\Desktop\TeamDiesIrae_DxPractice_RenderPractice_F2\TeamDiesIrae_GeometryDash\OAlponso_Illust.cpp(59,110): warning C4244: '인수': 'float'에서 'int'(으)로 변환하면서 데이터가 손실될 수 있습니다.
C:\Users\SBSGAME\Desktop\TeamDiesIrae_DxPractice_RenderPractice_F2\TeamDiesIrae_GeometryDash\OAlponso_Illust.cpp(59,97): warning C4244: '인수': 'float'에서 'int'(으)로 변환하면서 데이터가 손실될 수 있습니다.
C:\Users\SBSGAME\Desktop\TeamDiesIrae_DxPractice_RenderPractice_F2\TeamDiesIrae_GeometryDash\OAlponso_Illust.cpp(59,70): warning C4244: '인수': 'float'에서 'int'(으)로 변환하면서 데이터가 손실될 수 있습니다.
C:\Users\SBSGAME\Desktop\TeamDiesIrae_DxPractice_RenderPractice_F2\TeamDiesIrae_GeometryDash\OAlponso_Illust.cpp(59,57): warning C4244: '인수': 'float'에서 'int'(으)로 변환하면서 데이터가 손실될 수 있습니다.
C:\Users\SBSGAME\Desktop\TeamDiesIrae_DxPractice_RenderPractice_F2\TeamDiesIrae_GeometryDash\OAlponso_Illust.cpp(59,45): warning C4244: '인수': 'float'에서 'int'(으)로 변환하면서 데이터가 손실될 수 있습니다.
C:\Users\SBSGAME\Desktop\TeamDiesIrae_DxPractice_RenderPractice_F2\TeamDiesIrae_GeometryDash\OAlponso_Illust.cpp(59,33): warning C4244: '인수': 'float'에서 'int'(으)로 변환하면서 데이터가 손실될 수 있습니다.
C:\Users\SBSGAME\Desktop\TeamDiesIrae_DxPractice_RenderPractice_F2\TeamDiesIrae_GeometryDash\OAlponso_Illust.cpp(72,77): warning C4244: '인수': 'float'에서 'int'(으)로 변환하면서 데이터가 손실될 수 있습니다.
C:\Users\SBSGAME\Desktop\TeamDiesIrae_DxPractice_RenderPractice_F2\TeamDiesIrae_GeometryDash\OAlponso_Illust.cpp(72,30): warning C4244: '인수': 'float'에서 'int'(으)로 변환하면서 데이터가 손실될 수 있습니다.
C:\Users\SBSGAME\Desktop\TeamDiesIrae_DxPractice_RenderPractice_F2\TeamDiesIrae_GeometryDash\OAlponso_Illust.cpp(71,72): warning C4244: '인수': 'float'에서 'int'(으)로 변환하면서 데이터가 손실될 수 있습니다.
C:\Users\SBSGAME\Desktop\TeamDiesIrae_DxPractice_RenderPractice_F2\TeamDiesIrae_GeometryDash\OAlponso_Illust.cpp(71,53): warning C4244: '인수': 'float'에서 'int'(으)로 변환하면서 데이터가 손실될 수 있습니다.
C:\Users\SBSGAME\Desktop\TeamDiesIrae_DxPractice_RenderPractice_F2\TeamDiesIrae_GeometryDash\OAlponso_Illust.cpp(71,35): warning C4244: '인수': 'float'에서 'int'(으)로 변환하면서 데이터가 손실될 수 있습니다.
C:\Users\SBSGAME\Desktop\TeamDiesIrae_DxPractice_RenderPractice_F2\TeamDiesIrae_GeometryDash\OAlponso_Illust.cpp(71,23): warning C4244: '인수': 'float'에서 'int'(으)로 변환하면서 데이터가 손실될 수 있습니다.
C:\Users\SBSGAME\Desktop\TeamDiesIrae_DxPractice_RenderPractice_F2\TeamDiesIrae_GeometryDash\OAlponso_Illust.cpp(78,38): warning C4244: '인수': 'float'에서 'int'(으)로 변환하면서 데이터가 손실될 수 있습니다.
C:\Users\SBSGAME\Desktop\TeamDiesIrae_DxPractice_RenderPractice_F2\TeamDiesIrae_GeometryDash\OAlponso_Illust.cpp(78,25): warning C4244: '인수': 'float'에서 'int'(으)로 변환하면서 데이터가 손실될 수 있습니다.
C:\Users\SBSGAME\Desktop\TeamDiesIrae_DxPractice_RenderPractice_F2\TeamDiesIrae_GeometryDash\OAlponso_Illust.cpp(77,63): warning C4244: '인수': 'double'에서 'int'(으)로 변환하면서 데이터가 손실될 수 있습니다.
C:\Users\SBSGAME\Desktop\TeamDiesIrae_DxPractice_RenderPractice_F2\TeamDiesIrae_GeometryDash\OAlponso_Illust.cpp(77,44): warning C4244: '인수': 'double'에서 'int'(으)로 변환하면서 데이터가 손실될 수 있습니다.
  OCookie.cpp
C:\Users\SBSGAME\Desktop\TeamDiesIrae_DxPractice_RenderPractice_F2\TeamDiesIrae_GeometryDash\OCookie.cpp(22,36): error C2440: '=': 'const wchar_t [18]'에서 'TCHAR *'(으)로 변환할 수 없습니다.
C:\Users\SBSGAME\Desktop\TeamDiesIrae_DxPractice_RenderPractice_F2\TeamDiesIrae_GeometryDash\OCookie.cpp(22,16): message : 문자열 리터럴로부터의 변환은 const 한정자가 손실됩니다(/Zc:strictStrings 참조).
C:\Users\SBSGAME\Desktop\TeamDiesIrae_DxPractice_RenderPractice_F2\TeamDiesIrae_GeometryDash\OCookie.cpp(27,39): warning C4244: '=': 'ULONGLONG'에서 'DWORD'(으)로 변환하면서 데이터가 손실될 수 있습니다.
C:\Users\SBSGAME\Desktop\TeamDiesIrae_DxPractice_RenderPractice_F2\TeamDiesIrae_GeometryDash\OCookie.cpp(30,132): warning C4244: '=': 'int'에서 'float'(으)로 변환하면서 데이터가 손실될 수 있습니다.
C:\Users\SBSGAME\Desktop\TeamDiesIrae_DxPractice_RenderPractice_F2\TeamDiesIrae_GeometryDash\OCookie.cpp(31,53): warning C4244: '=': 'int'에서 'float'(으)로 변환하면서 데이터가 손실될 수 있습니다.
C:\Users\SBSGAME\Desktop\TeamDiesIrae_DxPractice_RenderPractice_F2\TeamDiesIrae_GeometryDash\OCookie.cpp(82,190): warning C4244: '인수': 'float'에서 'int'(으)로 변환하면서 데이터가 손실될 수 있습니다.
C:\Users\SBSGAME\Desktop\TeamDiesIrae_DxPractice_RenderPractice_F2\TeamDiesIrae_GeometryDash\OCookie.cpp(82,177): warning C4244: '인수': 'float'에서 'int'(으)로 변환하면서 데이터가 손실될 수 있습니다.
C:\Users\SBSGAME\Desktop\TeamDiesIrae_DxPractice_RenderPractice_F2\TeamDiesIrae_GeometryDash\OCookie.cpp(82,146): warning C4244: '인수': 'float'에서 'int'(으)로 변환하면서 데이터가 손실될 수 있습니다.
C:\Users\SBSGAME\Desktop\TeamDiesIrae_DxPractice_RenderPractice_F2\TeamDiesIrae_GeometryDash\OCookie.cpp(82,110): warning C4244: '인수': 'float'에서 'int'(으)로 변환하면서 데이터가 손실될 수 있습니다.
C:\Users\SBSGAME\Desktop\TeamDiesIrae_DxPractice_RenderPractice_F2\TeamDiesIrae_GeometryDash\OCookie.cpp(82,83): warning C4244: '인수': 'double'에서 'int'(으)로 변환하면서 데이터가 손실될 수 있습니다.
C:\Users\SBSGAME\Desktop\TeamDiesIrae_DxPractice_RenderPractice_F2\TeamDiesIrae_GeometryDash\OCookie.cpp(82,64): warning C4244: '인수': 'double'에서 'int'(으)로 변환하면서 데이터가 손실될 수 있습니다.
  OFireCracker.cpp
C:\Users\SBSGAME\Desktop\TeamDiesIrae_DxPractice_RenderPractice_F2\TeamDiesIrae_GeometryDash\OFireCracker.cpp(18,53): warning C4244: '=': 'int'에서 'float'(으)로 변환하면서 데이터가 손실될 수 있습니다.
C:\Users\SBSGAME\Desktop\TeamDiesIrae_DxPractice_RenderPractice_F2\TeamDiesIrae_GeometryDash\OFireCracker.cpp(19,53): warning C4244: '=': 'int'에서 'float'(으)로 변환하면서 데이터가 손실될 수 있습니다.
C:\Users\SBSGAME\Desktop\TeamDiesIrae_DxPractice_RenderPractice_F2\TeamDiesIrae_GeometryDash\OFireCracker.cpp(25,39): warning C4244: '=': 'ULONGLONG'에서 'DWORD'(으)로 변환하면서 데이터가 손실될 수 있습니다.
C:\Users\SBSGAME\Desktop\TeamDiesIrae_DxPractice_RenderPractice_F2\TeamDiesIrae_GeometryDash\OFireCracker.cpp(52,70): warning C4244: '인수': 'float'에서 'int'(으)로 변환하면서 데이터가 손실될 수 있습니다.
C:\Users\SBSGAME\Desktop\TeamDiesIrae_DxPractice_RenderPractice_F2\TeamDiesIrae_GeometryDash\OFireCracker.cpp(52,57): warning C4244: '인수': 'float'에서 'int'(으)로 변환하면서 데이터가 손실될 수 있습니다.
C:\Users\SBSGAME\Desktop\TeamDiesIrae_DxPractice_RenderPractice_F2\TeamDiesIrae_GeometryDash\OFireCracker.cpp(52,23): warning C4244: '인수': 'float'에서 'int'(으)로 변환하면서 데이터가 손실될 수 있습니다.
C:\Users\SBSGAME\Desktop\TeamDiesIrae_DxPractice_RenderPractice_F2\TeamDiesIrae_GeometryDash\OFireCracker.cpp(51,78): warning C4244: '인수': 'float'에서 'int'(으)로 변환하면서 데이터가 손실될 수 있습니다.
C:\Users\SBSGAME\Desktop\TeamDiesIrae_DxPractice_RenderPractice_F2\TeamDiesIrae_GeometryDash\OFireCracker.cpp(51,61): warning C4244: '인수': 'float'에서 'int'(으)로 변환하면서 데이터가 손실될 수 있습니다.
C:\Users\SBSGAME\Desktop\TeamDiesIrae_DxPractice_RenderPractice_F2\TeamDiesIrae_GeometryDash\OFireCracker.cpp(51,44): warning C4244: '인수': 'float'에서 'int'(으)로 변환하면서 데이터가 손실될 수 있습니다.
C:\Users\SBSGAME\Desktop\TeamDiesIrae_DxPractice_RenderPractice_F2\TeamDiesIrae_GeometryDash\OFireCracker.cpp(51,32): warning C4244: '인수': 'float'에서 'int'(으)로 변환하면서 데이터가 손실될 수 있습니다.
  OHorseRace.cpp
C:\Users\SBSGAME\Desktop\TeamDiesIrae_DxPractice_RenderPractice_F2\TeamDiesIrae_GeometryDash\OHorseRace.h(36,31): warning C4244: '초기화 중': 'ULONGLONG'에서 'DWORD'(으)로 변환하면서 데이터가 손실될 수 있습니다.
C:\Users\SBSGAME\Desktop\TeamDiesIrae_DxPractice_RenderPractice_F2\TeamDiesIrae_GeometryDash\OHorseRace.h(37,34): warning C4244: '초기화 중': 'ULONGLONG'에서 'DWORD'(으)로 변환하면서 데이터가 손실될 수 있습니다.
C:\Users\SBSGAME\Desktop\TeamDiesIrae_DxPractice_RenderPractice_F2\TeamDiesIrae_GeometryDash\OHorseRace.cpp(118,50): warning C4244: '인수': 'int'에서 'float'(으)로 변환하면서 데이터가 손실될 수 있습니다.
C:\Users\SBSGAME\Desktop\TeamDiesIrae_DxPractice_RenderPractice_F2\TeamDiesIrae_GeometryDash\OHorseRace.cpp(121,50): warning C4244: '인수': 'int'에서 'float'(으)로 변환하면서 데이터가 손실될 수 있습니다.
C:\Users\SBSGAME\Desktop\TeamDiesIrae_DxPractice_RenderPractice_F2\TeamDiesIrae_GeometryDash\OHorseRace.cpp(124,50): warning C4244: '인수': 'int'에서 'float'(으)로 변환하면서 데이터가 손실될 수 있습니다.
C:\Users\SBSGAME\Desktop\TeamDiesIrae_DxPractice_RenderPractice_F2\TeamDiesIrae_GeometryDash\OHorseRace.cpp(128,46): warning C4244: '인수': 'int'에서 'float'(으)로 변환하면서 데이터가 손실될 수 있습니다.
C:\Users\SBSGAME\Desktop\TeamDiesIrae_DxPractice_RenderPractice_F2\TeamDiesIrae_GeometryDash\OHorseRace.cpp(129,46): warning C4244: '인수': 'int'에서 'float'(으)로 변환하면서 데이터가 손실될 수 있습니다.
C:\Users\SBSGAME\Desktop\TeamDiesIrae_DxPractice_RenderPractice_F2\TeamDiesIrae_GeometryDash\OHorseRace.cpp(130,46): warning C4244: '인수': 'int'에서 'float'(으)로 변환하면서 데이터가 손실될 수 있습니다.
C:\Users\SBSGAME\Desktop\TeamDiesIrae_DxPractice_RenderPractice_F2\TeamDiesIrae_GeometryDash\OHorseRace.cpp(133,27): warning C4244: '=': 'ULONGLONG'에서 'DWORD'(으)로 변환하면서 데이터가 손실될 수 있습니다.
C:\Users\SBSGAME\Desktop\TeamDiesIrae_DxPractice_RenderPractice_F2\TeamDiesIrae_GeometryDash\OHorseRace.cpp(190,11): warning C4553: '==': 식의 결과가 사용되지 않습니다. '='을(를) 의도했습니까?
C:\Users\SBSGAME\Desktop\TeamDiesIrae_DxPractice_RenderPractice_F2\TeamDiesIrae_GeometryDash\AbstractFactory.h(20,19): warning C4244: '인수': 'int'에서 'float'(으)로 변환하면서 데이터가 손실될 수 있습니다.
C:\Users\SBSGAME\Desktop\TeamDiesIrae_DxPractice_RenderPractice_F2\TeamDiesIrae_GeometryDash\AbstractFactory.h(17): message : 클래스 템플릿 멤버 함수 'CObj *AbstractFactory<COFireCracker>::CreateObj(int,int)'을(를) 컴파일하는 중입니다.
C:\Users\SBSGAME\Desktop\TeamDiesIrae_DxPractice_RenderPractice_F2\TeamDiesIrae_GeometryDash\OHorseRace.cpp(97): message : 컴파일되는 함수 템플릿 인스턴스화 'CObj *AbstractFactory<COFireCracker>::CreateObj(int,int)'에 대한 참조를 확인하세요.
C:\Users\SBSGAME\Desktop\TeamDiesIrae_DxPractice_RenderPractice_F2\TeamDiesIrae_GeometryDash\OHorseRace.cpp(97): message : 컴파일되는 클래스 템플릿 인스턴스화 'AbstractFactory<COFireCracker>'에 대한 참조를 확인하세요.
C:\Users\SBSGAME\Desktop\TeamDiesIrae_DxPractice_RenderPractice_F2\TeamDiesIrae_GeometryDash\AbstractFactory.h(20,16): warning C4244: '인수': 'int'에서 'float'(으)로 변환하면서 데이터가 손실될 수 있습니다.
C:\Users\SBSGAME\Desktop\TeamDiesIrae_DxPractice_RenderPractice_F2\TeamDiesIrae_GeometryDash\AbstractFactory.h(29,19): warning C4244: '인수': 'int'에서 'float'(으)로 변환하면서 데이터가 손실될 수 있습니다.
C:\Users\SBSGAME\Desktop\TeamDiesIrae_DxPractice_RenderPractice_F2\TeamDiesIrae_GeometryDash\AbstractFactory.h(26): message : 클래스 템플릿 멤버 함수 'CObj *AbstractFactory<COLeo>::CreateObj(int,int,bool)'을(를) 컴파일하는 중입니다.
C:\Users\SBSGAME\Desktop\TeamDiesIrae_DxPractice_RenderPractice_F2\TeamDiesIrae_GeometryDash\OHorseRace.cpp(32): message : 컴파일되는 함수 템플릿 인스턴스화 'CObj *AbstractFactory<COLeo>::CreateObj(int,int,bool)'에 대한 참조를 확인하세요.
C:\Users\SBSGAME\Desktop\TeamDiesIrae_DxPractice_RenderPractice_F2\TeamDiesIrae_GeometryDash\OHorseRace.cpp(32): message : 컴파일되는 클래스 템플릿 인스턴스화 'AbstractFactory<COLeo>'에 대한 참조를 확인하세요.
C:\Users\SBSGAME\Desktop\TeamDiesIrae_DxPractice_RenderPractice_F2\TeamDiesIrae_GeometryDash\AbstractFactory.h(29,16): warning C4244: '인수': 'int'에서 'float'(으)로 변환하면서 데이터가 손실될 수 있습니다.
  OLeo.cpp
C:\Users\SBSGAME\Desktop\TeamDiesIrae_DxPractice_RenderPractice_F2\TeamDiesIrae_GeometryDash\OLeo.cpp(11,30): warning C4244: '=': 'ULONGLONG'에서 'DWORD'(으)로 변환하면서 데이터가 손실될 수 있습니다.
C:\Users\SBSGAME\Desktop\TeamDiesIrae_DxPractice_RenderPractice_F2\TeamDiesIrae_GeometryDash\OLeo.cpp(12,30): warning C4244: '=': 'ULONGLONG'에서 'DWORD'(으)로 변환하면서 데이터가 손실될 수 있습니다.
C:\Users\SBSGAME\Desktop\TeamDiesIrae_DxPractice_RenderPractice_F2\TeamDiesIrae_GeometryDash\OLeo.cpp(48,33): error C2440: '=': 'const wchar_t [15]'에서 'TCHAR *'(으)로 변환할 수 없습니다.
C:\Users\SBSGAME\Desktop\TeamDiesIrae_DxPractice_RenderPractice_F2\TeamDiesIrae_GeometryDash\OLeo.cpp(48,16): message : 문자열 리터럴로부터의 변환은 const 한정자가 손실됩니다(/Zc:strictStrings 참조).
C:\Users\SBSGAME\Desktop\TeamDiesIrae_DxPractice_RenderPractice_F2\TeamDiesIrae_GeometryDash\OLeo.cpp(53,39): warning C4244: '=': 'ULONGLONG'에서 'DWORD'(으)로 변환하면서 데이터가 손실될 수 있습니다.
C:\Users\SBSGAME\Desktop\TeamDiesIrae_DxPractice_RenderPractice_F2\TeamDiesIrae_GeometryDash\OLeo.cpp(60,119): warning C4244: '=': 'int'에서 'float'(으)로 변환하면서 데이터가 손실될 수 있습니다.
C:\Users\SBSGAME\Desktop\TeamDiesIrae_DxPractice_RenderPractice_F2\TeamDiesIrae_GeometryDash\OLeo.cpp(61,119): warning C4244: '=': 'int'에서 'float'(으)로 변환하면서 데이터가 손실될 수 있습니다.
C:\Users\SBSGAME\Desktop\TeamDiesIrae_DxPractice_RenderPractice_F2\TeamDiesIrae_GeometryDash\OLeo.cpp(120,22): warning C4553: '==': 식의 결과가 사용되지 않습니다. '='을(를) 의도했습니까?
C:\Users\SBSGAME\Desktop\TeamDiesIrae_DxPractice_RenderPractice_F2\TeamDiesIrae_GeometryDash\OLeo.cpp(261,34): warning C4244: '=': 'float'에서 'int'(으)로 변환하면서 데이터가 손실될 수 있습니다.
C:\Users\SBSGAME\Desktop\TeamDiesIrae_DxPractice_RenderPractice_F2\TeamDiesIrae_GeometryDash\OLeo.cpp(319,104): warning C4244: '인수': 'float'에서 'int'(으)로 변환하면서 데이터가 손실될 수 있습니다.
C:\Users\SBSGAME\Desktop\TeamDiesIrae_DxPractice_RenderPractice_F2\TeamDiesIrae_GeometryDash\OLeo.cpp(319,91): warning C4244: '인수': 'float'에서 'int'(으)로 변환하면서 데이터가 손실될 수 있습니다.
C:\Users\SBSGAME\Desktop\TeamDiesIrae_DxPractice_RenderPractice_F2\TeamDiesIrae_GeometryDash\OLeo.cpp(319,60): warning C4244: '인수': 'float'에서 'int'(으)로 변환하면서 데이터가 손실될 수 있습니다.
C:\Users\SBSGAME\Desktop\TeamDiesIrae_DxPractice_RenderPractice_F2\TeamDiesIrae_GeometryDash\OLeo.cpp(319,24): warning C4244: '인수': 'float'에서 'int'(으)로 변환하면서 데이터가 손실될 수 있습니다.
C:\Users\SBSGAME\Desktop\TeamDiesIrae_DxPractice_RenderPractice_F2\TeamDiesIrae_GeometryDash\OLeo.cpp(318,73): warning C4244: '인수': 'float'에서 'int'(으)로 변환하면서 데이터가 손실될 수 있습니다.
C:\Users\SBSGAME\Desktop\TeamDiesIrae_DxPractice_RenderPractice_F2\TeamDiesIrae_GeometryDash\OLeo.cpp(318,60): warning C4244: '인수': 'float'에서 'int'(으)로 변환하면서 데이터가 손실될 수 있습니다.
C:\Users\SBSGAME\Desktop\TeamDiesIrae_DxPractice_RenderPractice_F2\TeamDiesIrae_GeometryDash\OLeo.cpp(331,11): warning C4244: '인수': 'float'에서 'int'(으)로 변환하면서 데이터가 손실될 수 있습니다.
C:\Users\SBSGAME\Desktop\TeamDiesIrae_DxPractice_RenderPractice_F2\TeamDiesIrae_GeometryDash\OLeo.cpp(342,16): warning C4244: '인수': 'float'에서 'int'(으)로 변환하면서 데이터가 손실될 수 있습니다.
C:\Users\SBSGAME\Desktop\TeamDiesIrae_DxPractice_RenderPractice_F2\TeamDiesIrae_GeometryDash\OLeo.cpp(365,41): warning C4244: '=': 'ULONGLONG'에서 'DWORD'(으)로 변환하면서 데이터가 손실될 수 있습니다.
C:\Users\SBSGAME\Desktop\TeamDiesIrae_DxPractice_RenderPractice_F2\TeamDiesIrae_GeometryDash\OLeo.cpp(367,35): error C2440: '=': 'const wchar_t [15]'에서 'TCHAR *'(으)로 변환할 수 없습니다.
C:\Users\SBSGAME\Desktop\TeamDiesIrae_DxPractice_RenderPractice_F2\TeamDiesIrae_GeometryDash\OLeo.cpp(367,18): message : 문자열 리터럴로부터의 변환은 const 한정자가 손실됩니다(/Zc:strictStrings 참조).
C:\Users\SBSGAME\Desktop\TeamDiesIrae_DxPractice_RenderPractice_F2\TeamDiesIrae_GeometryDash\OLeo.cpp(377,41): warning C4244: '=': 'ULONGLONG'에서 'DWORD'(으)로 변환하면서 데이터가 손실될 수 있습니다.
C:\Users\SBSGAME\Desktop\TeamDiesIrae_DxPractice_RenderPractice_F2\TeamDiesIrae_GeometryDash\OLeo.cpp(379,35): error C2440: '=': 'const wchar_t [15]'에서 'TCHAR *'(으)로 변환할 수 없습니다.
C:\Users\SBSGAME\Desktop\TeamDiesIrae_DxPractice_RenderPractice_F2\TeamDiesIrae_GeometryDash\OLeo.cpp(379,18): message : 문자열 리터럴로부터의 변환은 const 한정자가 손실됩니다(/Zc:strictStrings 참조).
C:\Users\SBSGAME\Desktop\TeamDiesIrae_DxPractice_RenderPractice_F2\TeamDiesIrae_GeometryDash\OLeo.cpp(389,41): warning C4244: '=': 'ULONGLONG'에서 'DWORD'(으)로 변환하면서 데이터가 손실될 수 있습니다.
C:\Users\SBSGAME\Desktop\TeamDiesIrae_DxPractice_RenderPractice_F2\TeamDiesIrae_GeometryDash\OLeo.cpp(391,31): error C2440: '=': 'const wchar_t [11]'에서 'TCHAR *'(으)로 변환할 수 없습니다.
C:\Users\SBSGAME\Desktop\TeamDiesIrae_DxPractice_RenderPractice_F2\TeamDiesIrae_GeometryDash\OLeo.cpp(391,18): message : 문자열 리터럴로부터의 변환은 const 한정자가 손실됩니다(/Zc:strictStrings 참조).
C:\Users\SBSGAME\Desktop\TeamDiesIrae_DxPractice_RenderPractice_F2\TeamDiesIrae_GeometryDash\OLeo.cpp(401,41): warning C4244: '=': 'ULONGLONG'에서 'DWORD'(으)로 변환하면서 데이터가 손실될 수 있습니다.
C:\Users\SBSGAME\Desktop\TeamDiesIrae_DxPractice_RenderPractice_F2\TeamDiesIrae_GeometryDash\OLeo.cpp(403,31): error C2440: '=': 'const wchar_t [11]'에서 'TCHAR *'(으)로 변환할 수 없습니다.
C:\Users\SBSGAME\Desktop\TeamDiesIrae_DxPractice_RenderPractice_F2\TeamDiesIrae_GeometryDash\OLeo.cpp(403,18): message : 문자열 리터럴로부터의 변환은 const 한정자가 손실됩니다(/Zc:strictStrings 참조).
C:\Users\SBSGAME\Desktop\TeamDiesIrae_DxPractice_RenderPractice_F2\TeamDiesIrae_GeometryDash\OLeo.cpp(413,41): warning C4244: '=': 'ULONGLONG'에서 'DWORD'(으)로 변환하면서 데이터가 손실될 수 있습니다.
C:\Users\SBSGAME\Desktop\TeamDiesIrae_DxPractice_RenderPractice_F2\TeamDiesIrae_GeometryDash\OLeo.cpp(415,33): error C2440: '=': 'const wchar_t [13]'에서 'TCHAR *'(으)로 변환할 수 없습니다.
C:\Users\SBSGAME\Desktop\TeamDiesIrae_DxPractice_RenderPractice_F2\TeamDiesIrae_GeometryDash\OLeo.cpp(415,18): message : 문자열 리터럴로부터의 변환은 const 한정자가 손실됩니다(/Zc:strictStrings 참조).
C:\Users\SBSGAME\Desktop\TeamDiesIrae_DxPractice_RenderPractice_F2\TeamDiesIrae_GeometryDash\OLeo.cpp(425,41): warning C4244: '=': 'ULONGLONG'에서 'DWORD'(으)로 변환하면서 데이터가 손실될 수 있습니다.
C:\Users\SBSGAME\Desktop\TeamDiesIrae_DxPractice_RenderPractice_F2\TeamDiesIrae_GeometryDash\OLeo.cpp(427,33): error C2440: '=': 'const wchar_t [13]'에서 'TCHAR *'(으)로 변환할 수 없습니다.
C:\Users\SBSGAME\Desktop\TeamDiesIrae_DxPractice_RenderPractice_F2\TeamDiesIrae_GeometryDash\OLeo.cpp(427,18): message : 문자열 리터럴로부터의 변환은 const 한정자가 손실됩니다(/Zc:strictStrings 참조).
C:\Users\SBSGAME\Desktop\TeamDiesIrae_DxPractice_RenderPractice_F2\TeamDiesIrae_GeometryDash\OLeo.cpp(437,41): warning C4244: '=': 'ULONGLONG'에서 'DWORD'(으)로 변환하면서 데이터가 손실될 수 있습니다.
C:\Users\SBSGAME\Desktop\TeamDiesIrae_DxPractice_RenderPractice_F2\TeamDiesIrae_GeometryDash\OLeo.cpp(439,28): error C2440: '=': 'const wchar_t [8]'에서 'TCHAR *'(으)로 변환할 수 없습니다.
C:\Users\SBSGAME\Desktop\TeamDiesIrae_DxPractice_RenderPractice_F2\TeamDiesIrae_GeometryDash\OLeo.cpp(439,18): message : 문자열 리터럴로부터의 변환은 const 한정자가 손실됩니다(/Zc:strictStrings 참조).
C:\Users\SBSGAME\Desktop\TeamDiesIrae_DxPractice_RenderPractice_F2\TeamDiesIrae_GeometryDash\OLeo.cpp(449,41): warning C4244: '=': 'ULONGLONG'에서 'DWORD'(으)로 변환하면서 데이터가 손실될 수 있습니다.
C:\Users\SBSGAME\Desktop\TeamDiesIrae_DxPractice_RenderPractice_F2\TeamDiesIrae_GeometryDash\OLeo.cpp(451,28): error C2440: '=': 'const wchar_t [8]'에서 'TCHAR *'(으)로 변환할 수 없습니다.
C:\Users\SBSGAME\Desktop\TeamDiesIrae_DxPractice_RenderPractice_F2\TeamDiesIrae_GeometryDash\OLeo.cpp(451,18): message : 문자열 리터럴로부터의 변환은 const 한정자가 손실됩니다(/Zc:strictStrings 참조).
C:\Users\SBSGAME\Desktop\TeamDiesIrae_DxPractice_RenderPractice_F2\TeamDiesIrae_GeometryDash\OLeo.cpp(461,41): warning C4244: '=': 'ULONGLONG'에서 'DWORD'(으)로 변환하면서 데이터가 손실될 수 있습니다.
C:\Users\SBSGAME\Desktop\TeamDiesIrae_DxPractice_RenderPractice_F2\TeamDiesIrae_GeometryDash\OLeo.cpp(463,35): error C2440: '=': 'const wchar_t [15]'에서 'TCHAR *'(으)로 변환할 수 없습니다.
C:\Users\SBSGAME\Desktop\TeamDiesIrae_DxPractice_RenderPractice_F2\TeamDiesIrae_GeometryDash\OLeo.cpp(463,18): message : 문자열 리터럴로부터의 변환은 const 한정자가 손실됩니다(/Zc:strictStrings 참조).
C:\Users\SBSGAME\Desktop\TeamDiesIrae_DxPractice_RenderPractice_F2\TeamDiesIrae_GeometryDash\OLeo.cpp(473,41): warning C4244: '=': 'ULONGLONG'에서 'DWORD'(으)로 변환하면서 데이터가 손실될 수 있습니다.
C:\Users\SBSGAME\Desktop\TeamDiesIrae_DxPractice_RenderPractice_F2\TeamDiesIrae_GeometryDash\OLeo.cpp(475,35): error C2440: '=': 'const wchar_t [15]'에서 'TCHAR *'(으)로 변환할 수 없습니다.
C:\Users\SBSGAME\Desktop\TeamDiesIrae_DxPractice_RenderPractice_F2\TeamDiesIrae_GeometryDash\OLeo.cpp(475,18): message : 문자열 리터럴로부터의 변환은 const 한정자가 손실됩니다(/Zc:strictStrings 참조).
C:\Users\SBSGAME\Desktop\TeamDiesIrae_DxPractice_RenderPractice_F2\TeamDiesIrae_GeometryDash\OLeo.cpp(486,39): warning C4244: '=': 'int'에서 'float'(으)로 변환하면서 데이터가 손실될 수 있습니다.
  OLeo_Illust.cpp
C:\Users\SBSGAME\Desktop\TeamDiesIrae_DxPractice_RenderPractice_F2\TeamDiesIrae_GeometryDash\OLeo_Illust.cpp(22,53): warning C4244: '=': 'int'에서 'float'(으)로 변환하면서 데이터가 손실될 수 있습니다.
C:\Users\SBSGAME\Desktop\TeamDiesIrae_DxPractice_RenderPractice_F2\TeamDiesIrae_GeometryDash\OLeo_Illust.cpp(23,53): warning C4244: '=': 'int'에서 'float'(으)로 변환하면서 데이터가 손실될 수 있습니다.
C:\Users\SBSGAME\Desktop\TeamDiesIrae_DxPractice_RenderPractice_F2\TeamDiesIrae_GeometryDash\OLeo_Illust.cpp(51,110): warning C4244: '인수': 'float'에서 'int'(으)로 변환하면서 데이터가 손실될 수 있습니다.
C:\Users\SBSGAME\Desktop\TeamDiesIrae_DxPractice_RenderPractice_F2\TeamDiesIrae_GeometryDash\OLeo_Illust.cpp(51,97): warning C4244: '인수': 'float'에서 'int'(으)로 변환하면서 데이터가 손실될 수 있습니다.
C:\Users\SBSGAME\Desktop\TeamDiesIrae_DxPractice_RenderPractice_F2\TeamDiesIrae_GeometryDash\OLeo_Illust.cpp(51,70): warning C4244: '인수': 'float'에서 'int'(으)로 변환하면서 데이터가 손실될 수 있습니다.
C:\Users\SBSGAME\Desktop\TeamDiesIrae_DxPractice_RenderPractice_F2\TeamDiesIrae_GeometryDash\OLeo_Illust.cpp(51,57): warning C4244: '인수': 'float'에서 'int'(으)로 변환하면서 데이터가 손실될 수 있습니다.
C:\Users\SBSGAME\Desktop\TeamDiesIrae_DxPractice_RenderPractice_F2\TeamDiesIrae_GeometryDash\OLeo_Illust.cpp(51,45): warning C4244: '인수': 'float'에서 'int'(으)로 변환하면서 데이터가 손실될 수 있습니다.
C:\Users\SBSGAME\Desktop\TeamDiesIrae_DxPractice_RenderPractice_F2\TeamDiesIrae_GeometryDash\OLeo_Illust.cpp(51,33): warning C4244: '인수': 'float'에서 'int'(으)로 변환하면서 데이터가 손실될 수 있습니다.
  SBeroia.cpp
  SoundMgr.cpp
C:\Users\SBSGAME\Desktop\TeamDiesIrae_DxPractice_RenderPractice_F2\TeamDiesIrae_GeometryDash\SoundMgr.cpp(38,18): error C2440: '초기화 중': '_InIt'에서 '_InIt &'(으)로 변환할 수 없습니다.
          with
          [
              _InIt=std::_Tree_iterator<std::_Tree_val<std::_Tree_simple_types<std::pair<const TCHAR *const ,FMOD_SOUND *>>>>
          ]
C:\Users\SBSGAME\Desktop\TeamDiesIrae_DxPractice_RenderPractice_F2\TeamDiesIrae_GeometryDash\SoundMgr.cpp(38,18): message : 비const 참조는 lvalue에만 바인딩할 수 있습니다.
C:\Users\SBSGAME\Desktop\TeamDiesIrae_DxPractice_RenderPractice_F2\TeamDiesIrae_GeometryDash\SoundMgr.cpp(55,18): error C2440: '초기화 중': '_InIt'에서 '_InIt &'(으)로 변환할 수 없습니다.
          with
          [
              _InIt=std::_Tree_iterator<std::_Tree_val<std::_Tree_simple_types<std::pair<const TCHAR *const ,FMOD_SOUND *>>>>
          ]
C:\Users\SBSGAME\Desktop\TeamDiesIrae_DxPractice_RenderPractice_F2\TeamDiesIrae_GeometryDash\SoundMgr.cpp(55,18): message : 비const 참조는 lvalue에만 바인딩할 수 있습니다.
C:\Users\SBSGAME\Desktop\TeamDiesIrae_DxPractice_RenderPractice_F2\TeamDiesIrae_GeometryDash\SoundMgr.cpp(105,13): warning C4244: '초기화 중': 'intptr_t'에서 'int'(으)로 변환하면서 데이터가 손실될 수 있습니다.
C:\Users\SBSGAME\Desktop\TeamDiesIrae_DxPractice_RenderPractice_F2\TeamDiesIrae_GeometryDash\SoundMgr.cpp(127,34): warning C4267: '인수': 'size_t'에서 'int'(으)로 변환하면서 데이터가 손실될 수 있습니다.
C:\Users\SBSGAME\Desktop\TeamDiesIrae_DxPractice_RenderPractice_F2\TeamDiesIrae_GeometryDash\SoundMgr.cpp(136,20): error C2440: '초기화 중': '_InIt'에서 '_InIt &'(으)로 변환할 수 없습니다.
          with
          [
              _InIt=std::_Tree_iterator<std::_Tree_val<std::_Tree_simple_types<std::pair<const TCHAR *const ,FMOD_SOUND *>>>>
          ]
C:\Users\SBSGAME\Desktop\TeamDiesIrae_DxPractice_RenderPractice_F2\TeamDiesIrae_GeometryDash\SoundMgr.cpp(136,20): message : 비const 참조는 lvalue에만 바인딩할 수 있습니다.
  SRocoTown.cpp
  TeamDiesIrae_GeometryDash.cpp
C:\Users\SBSGAME\Desktop\TeamDiesIrae_DxPractice_RenderPractice_F2\TeamDiesIrae_GeometryDash\TeamDiesIrae_GeometryDash.cpp(62,18): warning C4244: '초기화 중': 'ULONGLONG'에서 'DWORD'(으)로 변환하면서 데이터가 손실될 수 있습니다.
C:\Users\SBSGAME\Desktop\TeamDiesIrae_DxPractice_RenderPractice_F2\TeamDiesIrae_GeometryDash\TeamDiesIrae_GeometryDash.cpp(63,18): warning C4244: '초기화 중': 'ULONGLONG'에서 'DWORD'(으)로 변환하면서 데이터가 손실될 수 있습니다.
C:\Users\SBSGAME\Desktop\TeamDiesIrae_DxPractice_RenderPractice_F2\TeamDiesIrae_GeometryDash\TeamDiesIrae_GeometryDash.cpp(89,31): warning C4244: '=': 'ULONGLONG'에서 'DWORD'(으)로 변환하면서 데이터가 손실될 수 있습니다.
C:\Users\SBSGAME\Desktop\TeamDiesIrae_DxPractice_RenderPractice_F2\TeamDiesIrae_GeometryDash\TeamDiesIrae_GeometryDash.cpp(97,31): warning C4244: '=': 'ULONGLONG'에서 'DWORD'(으)로 변환하면서 데이터가 손실될 수 있습니다.
  코드를 생성하고 있습니다...
